{"timestamp":"2025-05-22T07:34:26.149047","level":"info","event":"DAG bundles loaded: dags-folder","logger":"airflow.dag_processing.bundles.manager.DagBundlesManager"}
{"timestamp":"2025-05-22T07:34:26.155074","level":"info","event":"Filling up the DagBag from /opt/airflow/dags/load_data.py","logger":"airflow.models.dagbag.DagBag"}
{"timestamp":"2025-05-22T07:35:40.424651","level":"error","event":"Process timed out, PID: 406","logger":"airflow.utils.timeout.TimeoutPosix"}
{"timestamp":"2025-05-22T07:35:42.809128Z","level":"error","event":"Exception ignored in: <module 'collections.abc' from '/usr/local/lib/python3.12/collections/abc.py'>","chan":"stderr","logger":"task"}
{"timestamp":"2025-05-22T07:35:42.816991Z","level":"error","event":"Traceback (most recent call last):","chan":"stderr","logger":"task"}
{"timestamp":"2025-05-22T07:35:42.819558Z","level":"error","event":"  File \"<string>\", line 0, in <module>","chan":"stderr","logger":"task"}
{"timestamp":"2025-05-22T07:35:42.847665Z","level":"error","event":"  File \"/home/airflow/.local/lib/python3.12/site-packages/airflow/utils/timeout.py\", line 69, in handle_timeout","chan":"stderr","logger":"task"}
{"timestamp":"2025-05-22T07:35:42.852445Z","level":"error","event":"    raise AirflowTaskTimeout(self.error_message)","chan":"stderr","logger":"task"}
{"timestamp":"2025-05-22T07:35:42.866273Z","level":"error","event":"airflow.exceptions.AirflowTaskTimeout: DagBag import timeout for /opt/airflow/dags/load_data.py after 30.0s.","chan":"stderr","logger":"task"}
{"timestamp":"2025-05-22T07:35:42.868014Z","level":"error","event":"Please take a look at these docs to improve your DAG import time:","chan":"stderr","logger":"task"}
{"timestamp":"2025-05-22T07:35:42.870344Z","level":"error","event":"* https://airflow.apache.org/docs/apache-airflow/3.0.1/best-practices.html#top-level-python-code","chan":"stderr","logger":"task"}
{"timestamp":"2025-05-22T07:35:42.872251Z","level":"error","event":"* https://airflow.apache.org/docs/apache-airflow/3.0.1/best-practices.html#reducing-dag-complexity, PID: 406","chan":"stderr","logger":"task"}
{"timestamp":"2025-05-22T07:36:13.342125","level":"warning","event":"Cython module failed to patch module with custom type","category":"RuntimeWarning","filename":"<frozen importlib._bootstrap>","lineno":488,"logger":"py.warnings"}
{"timestamp":"2025-05-22T07:36:16.326229","level":"info","event":"Secrets backends loaded for worker","count":1,"backend_classes":["EnvironmentVariablesBackend"],"logger":"supervisor"}
{"timestamp":"2025-05-22T07:37:37.633529","level":"info","event":"Connection Retrieved 'mssqlserver'","logger":"airflow.hooks.base"}
{"timestamp":"2025-05-22T07:37:38.347637","level":"info","event":"Running statement: SELECT * FROM Sales.SalesTerritory, parameters: None","logger":"airflow.task.hooks.airflow.providers.microsoft.mssql.hooks.mssql.MsSqlHook"}
{"timestamp":"2025-05-22T07:37:38.505183","level":"info","event":"Secrets backends loaded for worker","count":1,"backend_classes":["EnvironmentVariablesBackend"],"logger":"supervisor"}
{"timestamp":"2025-05-22T07:37:38.619369","level":"info","event":"Connection Retrieved 'snowflake-connect'","logger":"airflow.hooks.base"}
{"timestamp":"2025-05-22T07:37:38.684576","level":"info","event":"Snowflake Connector for Python Version: 3.15.0, Python Version: 3.12.10, Platform: Linux-5.15.167.4-microsoft-standard-WSL2-x86_64-with-glibc2.36","logger":"snowflake.connector.connection"}
{"timestamp":"2025-05-22T07:37:38.753895","level":"info","event":"Connecting to GLOBAL Snowflake domain","logger":"snowflake.connector.connection"}
{"timestamp":"2025-05-22T07:37:41.525638","level":"info","event":"Running statement: USE DATABASE EDW, parameters: None","logger":"airflow.task.hooks.airflow.providers.snowflake.hooks.snowflake.SnowflakeHook"}
{"timestamp":"2025-05-22T07:37:41.527476","level":"info","event":"Running statement: USE DATABASE EDW, parameters: None","logger":"airflow.task.hooks.airflow.providers.snowflake.hooks.snowflake.SnowflakeHook"}
{"timestamp":"2025-05-22T07:37:41.660393","level":"info","event":"Rows affected: 1","logger":"airflow.task.hooks.airflow.providers.snowflake.hooks.snowflake.SnowflakeHook"}
{"timestamp":"2025-05-22T07:37:41.660816","level":"info","event":"Rows affected: 1","logger":"airflow.task.hooks.airflow.providers.snowflake.hooks.snowflake.SnowflakeHook"}
{"timestamp":"2025-05-22T07:37:41.660964","level":"info","event":"Snowflake query id: 01bc8389-0001-2a1c-0001-8a160004614e","logger":"airflow.task.hooks.airflow.providers.snowflake.hooks.snowflake.SnowflakeHook"}
{"timestamp":"2025-05-22T07:37:41.979146","level":"info","event":"Snowflake Connector for Python Version: 3.15.0, Python Version: 3.12.10, Platform: Linux-5.15.167.4-microsoft-standard-WSL2-x86_64-with-glibc2.36","logger":"snowflake.connector.connection"}
{"timestamp":"2025-05-22T07:37:41.980330","level":"info","event":"Connecting to GLOBAL Snowflake domain","logger":"snowflake.connector.connection"}
{"timestamp":"2025-05-22T07:37:42.514658","level":"info","event":"Running statement: CREATE SCHEMA IF NOT EXISTS Bronze, parameters: None","logger":"airflow.task.hooks.airflow.providers.snowflake.hooks.snowflake.SnowflakeHook"}
{"timestamp":"2025-05-22T07:37:42.514914","level":"info","event":"Running statement: CREATE SCHEMA IF NOT EXISTS Bronze, parameters: None","logger":"airflow.task.hooks.airflow.providers.snowflake.hooks.snowflake.SnowflakeHook"}
{"timestamp":"2025-05-22T07:37:42.611157","level":"info","event":"Rows affected: 1","logger":"airflow.task.hooks.airflow.providers.snowflake.hooks.snowflake.SnowflakeHook"}
{"timestamp":"2025-05-22T07:37:42.611349","level":"info","event":"Rows affected: 1","logger":"airflow.task.hooks.airflow.providers.snowflake.hooks.snowflake.SnowflakeHook"}
{"timestamp":"2025-05-22T07:37:42.611440","level":"info","event":"Snowflake query id: 01bc8389-0001-2a4d-0001-8a160004714e","logger":"airflow.task.hooks.airflow.providers.snowflake.hooks.snowflake.SnowflakeHook"}
{"timestamp":"2025-05-22T07:37:42.844008","level":"info","event":"Snowflake Connector for Python Version: 3.15.0, Python Version: 3.12.10, Platform: Linux-5.15.167.4-microsoft-standard-WSL2-x86_64-with-glibc2.36","logger":"snowflake.connector.connection"}
{"timestamp":"2025-05-22T07:37:42.845079","level":"info","event":"Connecting to GLOBAL Snowflake domain","logger":"snowflake.connector.connection"}
{"timestamp":"2025-05-22T07:37:43.274031","level":"info","event":"Running statement: USE SCHEMA Bronze, parameters: None","logger":"airflow.task.hooks.airflow.providers.snowflake.hooks.snowflake.SnowflakeHook"}
{"timestamp":"2025-05-22T07:37:43.274525","level":"info","event":"Running statement: USE SCHEMA Bronze, parameters: None","logger":"airflow.task.hooks.airflow.providers.snowflake.hooks.snowflake.SnowflakeHook"}
{"timestamp":"2025-05-22T07:37:43.364730","level":"info","event":"Rows affected: 1","logger":"airflow.task.hooks.airflow.providers.snowflake.hooks.snowflake.SnowflakeHook"}
{"timestamp":"2025-05-22T07:37:43.365173","level":"info","event":"Rows affected: 1","logger":"airflow.task.hooks.airflow.providers.snowflake.hooks.snowflake.SnowflakeHook"}
{"timestamp":"2025-05-22T07:37:43.365375","level":"info","event":"Snowflake query id: 01bc8389-0001-2a4a-0001-8a1600049156","logger":"airflow.task.hooks.airflow.providers.snowflake.hooks.snowflake.SnowflakeHook"}
{"timestamp":"2025-05-22T07:37:43.639374","level":"info","event":"Running statement: SELECT COLUMN_NAME FROM INFORMATION_SCHEMA.COLUMNS WHERE TABLE_NAME = UPPER('SalesTerritory') AND TABLE_SCHEMA = 'Sales', parameters: None","logger":"airflow.task.hooks.airflow.providers.microsoft.mssql.hooks.mssql.MsSqlHook"}
{"timestamp":"2025-05-22T07:37:43.766035","level":"info","event":"Snowflake Connector for Python Version: 3.15.0, Python Version: 3.12.10, Platform: Linux-5.15.167.4-microsoft-standard-WSL2-x86_64-with-glibc2.36","logger":"snowflake.connector.connection"}
{"timestamp":"2025-05-22T07:37:43.767214","level":"info","event":"Connecting to GLOBAL Snowflake domain","logger":"snowflake.connector.connection"}
{"timestamp":"2025-05-22T07:37:44.445061","level":"info","event":"Running statement: CREATE TABLE IF NOT EXISTS SalesTerritory (\n        TerritoryID VARCHAR, Name VARCHAR, CountryRegionCode VARCHAR, Group VARCHAR, SalesYTD VARCHAR, SalesLastYear VARCHAR, CostYTD VARCHAR, CostLastYear VARCHAR, rowguid VARCHAR, ModifiedDate VARCHAR\n    ), parameters: None","logger":"airflow.task.hooks.airflow.providers.snowflake.hooks.snowflake.SnowflakeHook"}
{"timestamp":"2025-05-22T07:37:44.445622","level":"info","event":"Running statement: CREATE TABLE IF NOT EXISTS SalesTerritory (\n        TerritoryID VARCHAR, Name VARCHAR, CountryRegionCode VARCHAR, Group VARCHAR, SalesYTD VARCHAR, SalesLastYear VARCHAR, CostYTD VARCHAR, CostLastYear VARCHAR, rowguid VARCHAR, ModifiedDate VARCHAR\n    ), parameters: None","logger":"airflow.task.hooks.airflow.providers.snowflake.hooks.snowflake.SnowflakeHook"}
{"timestamp":"2025-05-22T07:37:44.901653","level":"error","event":"Task failed with exception","logger":"task","error_detail":[{"exc_type":"ProgrammingError","exc_value":"001003 (42000): 01bc8389-0001-29f9-0001-8a1600043422: SQL compilation error:\nsyntax error line 2 at position 70 unexpected 'Group'.","exc_notes":[],"syntax_error":null,"is_cause":false,"frames":[{"filename":"/home/airflow/.local/lib/python3.12/site-packages/airflow/sdk/execution_time/task_runner.py","lineno":838,"name":"run"},{"filename":"/home/airflow/.local/lib/python3.12/site-packages/airflow/sdk/execution_time/task_runner.py","lineno":1130,"name":"_execute_task"},{"filename":"/home/airflow/.local/lib/python3.12/site-packages/airflow/sdk/bases/operator.py","lineno":408,"name":"wrapper"},{"filename":"/home/airflow/.local/lib/python3.12/site-packages/airflow/providers/standard/operators/python.py","lineno":212,"name":"execute"},{"filename":"/home/airflow/.local/lib/python3.12/site-packages/airflow/providers/standard/operators/python.py","lineno":235,"name":"execute_callable"},{"filename":"/home/airflow/.local/lib/python3.12/site-packages/airflow/sdk/execution_time/callback_runner.py","lineno":81,"name":"run"},{"filename":"/opt/airflow/dags/load_data.py","lineno":69,"name":"extract_from_mssql"},{"filename":"/home/airflow/.local/lib/python3.12/site-packages/airflow/providers/snowflake/hooks/snowflake.py","lineno":522,"name":"run"},{"filename":"/home/airflow/.local/lib/python3.12/site-packages/airflow/providers/common/sql/hooks/sql.py","lineno":777,"name":"_run_command"},{"filename":"/home/airflow/.local/lib/python3.12/site-packages/snowflake/connector/cursor.py","lineno":1134,"name":"execute"},{"filename":"/home/airflow/.local/lib/python3.12/site-packages/snowflake/connector/errors.py","lineno":279,"name":"errorhandler_wrapper"},{"filename":"/home/airflow/.local/lib/python3.12/site-packages/snowflake/connector/errors.py","lineno":334,"name":"hand_to_other_handler"},{"filename":"/home/airflow/.local/lib/python3.12/site-packages/snowflake/connector/errors.py","lineno":210,"name":"default_errorhandler"}]}]}
