{"timestamp":"2025-05-23T07:30:14.742972","level":"info","event":"DAG bundles loaded: dags-folder","logger":"airflow.dag_processing.bundles.manager.DagBundlesManager"}
{"timestamp":"2025-05-23T07:30:14.745519","level":"info","event":"Filling up the DagBag from /opt/airflow/dags/mssql_to_snowflake.py","logger":"airflow.models.dagbag.DagBag"}
{"timestamp":"2025-05-23T07:30:17.699398","level":"info","event":"Secrets backends loaded for worker","count":1,"backend_classes":["EnvironmentVariablesBackend"],"logger":"supervisor"}
{"timestamp":"2025-05-23T07:30:17.907941","level":"info","event":"Connection Retrieved 'mssqlserver'","logger":"airflow.hooks.base"}
{"timestamp":"2025-05-23T07:30:17.995755","level":"info","event":"Running statement: SELECT * FROM Production.ProductModel, parameters: None","logger":"airflow.task.hooks.airflow.providers.microsoft.mssql.hooks.mssql.MsSqlHook"}
{"timestamp":"2025-05-23T07:30:18.089080","level":"info","event":"Secrets backends loaded for worker","count":1,"backend_classes":["EnvironmentVariablesBackend"],"logger":"supervisor"}
{"timestamp":"2025-05-23T07:30:18.198256","level":"info","event":"Connection Retrieved 'snowflake-connect'","logger":"airflow.hooks.base"}
{"timestamp":"2025-05-23T07:30:18.199369","level":"info","event":"Snowflake Connector for Python Version: 3.15.0, Python Version: 3.12.10, Platform: Linux-5.15.167.4-microsoft-standard-WSL2-x86_64-with-glibc2.36","logger":"snowflake.connector.connection"}
{"timestamp":"2025-05-23T07:30:18.200999","level":"info","event":"Connecting to GLOBAL Snowflake domain","logger":"snowflake.connector.connection"}
{"timestamp":"2025-05-23T07:30:19.027725","level":"info","event":"Running statement: USE DATABASE EDW, parameters: None","logger":"airflow.task.hooks.airflow.providers.snowflake.hooks.snowflake.SnowflakeHook"}
{"timestamp":"2025-05-23T07:30:19.028318","level":"info","event":"Running statement: USE DATABASE EDW, parameters: None","logger":"airflow.task.hooks.airflow.providers.snowflake.hooks.snowflake.SnowflakeHook"}
{"timestamp":"2025-05-23T07:30:19.126994","level":"info","event":"Rows affected: 1","logger":"airflow.task.hooks.airflow.providers.snowflake.hooks.snowflake.SnowflakeHook"}
{"timestamp":"2025-05-23T07:30:19.127633","level":"info","event":"Rows affected: 1","logger":"airflow.task.hooks.airflow.providers.snowflake.hooks.snowflake.SnowflakeHook"}
{"timestamp":"2025-05-23T07:30:19.127920","level":"info","event":"Snowflake query id: 01bc8922-0001-2ae1-0001-8a1600052016","logger":"airflow.task.hooks.airflow.providers.snowflake.hooks.snowflake.SnowflakeHook"}
{"timestamp":"2025-05-23T07:30:19.348922","level":"info","event":"Snowflake Connector for Python Version: 3.15.0, Python Version: 3.12.10, Platform: Linux-5.15.167.4-microsoft-standard-WSL2-x86_64-with-glibc2.36","logger":"snowflake.connector.connection"}
{"timestamp":"2025-05-23T07:30:19.351013","level":"info","event":"Connecting to GLOBAL Snowflake domain","logger":"snowflake.connector.connection"}
{"timestamp":"2025-05-23T07:30:20.049979","level":"info","event":"Running statement: CREATE SCHEMA IF NOT EXISTS Bronze, parameters: None","logger":"airflow.task.hooks.airflow.providers.snowflake.hooks.snowflake.SnowflakeHook"}
{"timestamp":"2025-05-23T07:30:20.050396","level":"info","event":"Running statement: CREATE SCHEMA IF NOT EXISTS Bronze, parameters: None","logger":"airflow.task.hooks.airflow.providers.snowflake.hooks.snowflake.SnowflakeHook"}
{"timestamp":"2025-05-23T07:30:20.136757","level":"info","event":"Rows affected: 1","logger":"airflow.task.hooks.airflow.providers.snowflake.hooks.snowflake.SnowflakeHook"}
{"timestamp":"2025-05-23T07:30:20.137170","level":"info","event":"Rows affected: 1","logger":"airflow.task.hooks.airflow.providers.snowflake.hooks.snowflake.SnowflakeHook"}
{"timestamp":"2025-05-23T07:30:20.137365","level":"info","event":"Snowflake query id: 01bc8922-0001-2aa4-0001-8a160004d182","logger":"airflow.task.hooks.airflow.providers.snowflake.hooks.snowflake.SnowflakeHook"}
{"timestamp":"2025-05-23T07:30:20.371675","level":"info","event":"Snowflake Connector for Python Version: 3.15.0, Python Version: 3.12.10, Platform: Linux-5.15.167.4-microsoft-standard-WSL2-x86_64-with-glibc2.36","logger":"snowflake.connector.connection"}
{"timestamp":"2025-05-23T07:30:20.372623","level":"info","event":"Connecting to GLOBAL Snowflake domain","logger":"snowflake.connector.connection"}
{"timestamp":"2025-05-23T07:30:21.752488","level":"info","event":"Running statement: USE SCHEMA Bronze, parameters: None","logger":"airflow.task.hooks.airflow.providers.snowflake.hooks.snowflake.SnowflakeHook"}
{"timestamp":"2025-05-23T07:30:21.752940","level":"info","event":"Running statement: USE SCHEMA Bronze, parameters: None","logger":"airflow.task.hooks.airflow.providers.snowflake.hooks.snowflake.SnowflakeHook"}
{"timestamp":"2025-05-23T07:30:21.851580","level":"info","event":"Rows affected: 1","logger":"airflow.task.hooks.airflow.providers.snowflake.hooks.snowflake.SnowflakeHook"}
{"timestamp":"2025-05-23T07:30:21.852083","level":"info","event":"Rows affected: 1","logger":"airflow.task.hooks.airflow.providers.snowflake.hooks.snowflake.SnowflakeHook"}
{"timestamp":"2025-05-23T07:30:21.852315","level":"info","event":"Snowflake query id: 01bc8922-0001-2aa5-0001-8a160005012e","logger":"airflow.task.hooks.airflow.providers.snowflake.hooks.snowflake.SnowflakeHook"}
{"timestamp":"2025-05-23T07:30:22.230973","level":"info","event":"Running statement: \n    SELECT COLUMN_NAME\n    FROM INFORMATION_SCHEMA.COLUMNS\n    WHERE TABLE_NAME = UPPER('ProductModel') AND TABLE_SCHEMA = 'Production'\n    , parameters: None","logger":"airflow.task.hooks.airflow.providers.microsoft.mssql.hooks.mssql.MsSqlHook"}
{"timestamp":"2025-05-23T07:30:22.360447","level":"info","event":"Snowflake Connector for Python Version: 3.15.0, Python Version: 3.12.10, Platform: Linux-5.15.167.4-microsoft-standard-WSL2-x86_64-with-glibc2.36","logger":"snowflake.connector.connection"}
{"timestamp":"2025-05-23T07:30:22.361888","level":"info","event":"Connecting to GLOBAL Snowflake domain","logger":"snowflake.connector.connection"}
{"timestamp":"2025-05-23T07:30:22.733679","level":"info","event":"Running statement: CREATE TABLE IF NOT EXISTS ProductModel (\n        \"ProductModelID\" VARCHAR, \"Name\" VARCHAR, \"CatalogDescription\" VARCHAR, \"Instructions\" VARCHAR, \"rowguid\" VARCHAR, \"ModifiedDate\" VARCHAR\n    ), parameters: None","logger":"airflow.task.hooks.airflow.providers.snowflake.hooks.snowflake.SnowflakeHook"}
{"timestamp":"2025-05-23T07:30:22.734017","level":"info","event":"Running statement: CREATE TABLE IF NOT EXISTS ProductModel (\n        \"ProductModelID\" VARCHAR, \"Name\" VARCHAR, \"CatalogDescription\" VARCHAR, \"Instructions\" VARCHAR, \"rowguid\" VARCHAR, \"ModifiedDate\" VARCHAR\n    ), parameters: None","logger":"airflow.task.hooks.airflow.providers.snowflake.hooks.snowflake.SnowflakeHook"}
{"timestamp":"2025-05-23T07:30:22.883378","level":"info","event":"Rows affected: 1","logger":"airflow.task.hooks.airflow.providers.snowflake.hooks.snowflake.SnowflakeHook"}
{"timestamp":"2025-05-23T07:30:22.883817","level":"info","event":"Rows affected: 1","logger":"airflow.task.hooks.airflow.providers.snowflake.hooks.snowflake.SnowflakeHook"}
{"timestamp":"2025-05-23T07:30:22.884047","level":"info","event":"Snowflake query id: 01bc8922-0001-2aa5-0001-8a1600050132","logger":"airflow.task.hooks.airflow.providers.snowflake.hooks.snowflake.SnowflakeHook"}
{"timestamp":"2025-05-23T07:30:23.151395","level":"info","event":"Snowflake Connector for Python Version: 3.15.0, Python Version: 3.12.10, Platform: Linux-5.15.167.4-microsoft-standard-WSL2-x86_64-with-glibc2.36","logger":"snowflake.connector.connection"}
{"timestamp":"2025-05-23T07:30:23.153592","level":"info","event":"Connecting to GLOBAL Snowflake domain","logger":"snowflake.connector.connection"}
{"timestamp":"2025-05-23T07:30:23.722557","level":"info","event":"Running statement: PUT file:///tmp/tmppqdogvs2.csv @%ProductModel AUTO_COMPRESS=TRUE, parameters: None","logger":"airflow.task.hooks.airflow.providers.snowflake.hooks.snowflake.SnowflakeHook"}
{"timestamp":"2025-05-23T07:30:23.723048","level":"info","event":"Running statement: PUT file:///tmp/tmppqdogvs2.csv @%ProductModel AUTO_COMPRESS=TRUE, parameters: None","logger":"airflow.task.hooks.airflow.providers.snowflake.hooks.snowflake.SnowflakeHook"}
{"timestamp":"2025-05-23T07:30:24.872215","level":"info","event":"Rows affected: 1","logger":"airflow.task.hooks.airflow.providers.snowflake.hooks.snowflake.SnowflakeHook"}
{"timestamp":"2025-05-23T07:30:24.873032","level":"info","event":"Rows affected: 1","logger":"airflow.task.hooks.airflow.providers.snowflake.hooks.snowflake.SnowflakeHook"}
{"timestamp":"2025-05-23T07:30:24.873364","level":"info","event":"Snowflake query id: 01bc8922-0001-2a95-0001-8a160004c18a","logger":"airflow.task.hooks.airflow.providers.snowflake.hooks.snowflake.SnowflakeHook"}
{"timestamp":"2025-05-23T07:30:25.105970","level":"info","event":"Snowflake Connector for Python Version: 3.15.0, Python Version: 3.12.10, Platform: Linux-5.15.167.4-microsoft-standard-WSL2-x86_64-with-glibc2.36","logger":"snowflake.connector.connection"}
{"timestamp":"2025-05-23T07:30:25.107542","level":"info","event":"Connecting to GLOBAL Snowflake domain","logger":"snowflake.connector.connection"}
{"timestamp":"2025-05-23T07:30:26.011805","level":"info","event":"Running statement: COPY INTO ProductModel\n    FROM @%ProductModel\n    FILE_FORMAT = (TYPE = CSV FIELD_OPTIONALLY_ENCLOSED_BY = '\"' SKIP_HEADER = 0)\n    ON_ERROR = CONTINUE;, parameters: None","logger":"airflow.task.hooks.airflow.providers.snowflake.hooks.snowflake.SnowflakeHook"}
{"timestamp":"2025-05-23T07:30:26.012513","level":"info","event":"Running statement: COPY INTO ProductModel\n    FROM @%ProductModel\n    FILE_FORMAT = (TYPE = CSV FIELD_OPTIONALLY_ENCLOSED_BY = '\"' SKIP_HEADER = 0)\n    ON_ERROR = CONTINUE;, parameters: None","logger":"airflow.task.hooks.airflow.providers.snowflake.hooks.snowflake.SnowflakeHook"}
{"timestamp":"2025-05-23T07:30:27.178936","level":"info","event":"Rows affected: 1","logger":"airflow.task.hooks.airflow.providers.snowflake.hooks.snowflake.SnowflakeHook"}
{"timestamp":"2025-05-23T07:30:27.179472","level":"info","event":"Rows affected: 1","logger":"airflow.task.hooks.airflow.providers.snowflake.hooks.snowflake.SnowflakeHook"}
{"timestamp":"2025-05-23T07:30:27.179916","level":"info","event":"Snowflake query id: 01bc8922-0001-2ad8-0001-8a160004e12e","logger":"airflow.task.hooks.airflow.providers.snowflake.hooks.snowflake.SnowflakeHook"}
{"timestamp":"2025-05-23T07:30:27.629149Z","level":"info","event":"Transferred 128 rows from ['Production', 'ProductModel'] to Snowflake","chan":"stdout","logger":"task"}
{"timestamp":"2025-05-23T07:30:27.631226","level":"info","event":"Done. Returned value was: None","logger":"airflow.task.operators.airflow.providers.standard.operators.python.PythonOperator"}
