{"timestamp":"2025-05-23T07:37:53.718463","level":"info","event":"DAG bundles loaded: dags-folder","logger":"airflow.dag_processing.bundles.manager.DagBundlesManager"}
{"timestamp":"2025-05-23T07:37:53.719906","level":"info","event":"Filling up the DagBag from /opt/airflow/dags/mssql_to_snowflake.py","logger":"airflow.models.dagbag.DagBag"}
{"timestamp":"2025-05-23T07:37:55.542021","level":"info","event":"Secrets backends loaded for worker","count":1,"backend_classes":["EnvironmentVariablesBackend"],"logger":"supervisor"}
{"timestamp":"2025-05-23T07:37:55.750154","level":"info","event":"Connection Retrieved 'mssqlserver'","logger":"airflow.hooks.base"}
{"timestamp":"2025-05-23T07:37:55.812286","level":"info","event":"Running statement: SELECT * FROM Person.Person, parameters: None","logger":"airflow.task.hooks.airflow.providers.microsoft.mssql.hooks.mssql.MsSqlHook"}
{"timestamp":"2025-05-23T07:40:37.726589","level":"info","event":"Secrets backends loaded for worker","count":1,"backend_classes":["EnvironmentVariablesBackend"],"logger":"supervisor"}
{"timestamp":"2025-05-23T07:40:37.933841","level":"info","event":"Connection Retrieved 'snowflake-connect'","logger":"airflow.hooks.base"}
{"timestamp":"2025-05-23T07:40:37.956270","level":"info","event":"Snowflake Connector for Python Version: 3.15.0, Python Version: 3.12.10, Platform: Linux-5.15.167.4-microsoft-standard-WSL2-x86_64-with-glibc2.36","logger":"snowflake.connector.connection"}
{"timestamp":"2025-05-23T07:40:37.984752","level":"info","event":"Connecting to GLOBAL Snowflake domain","logger":"snowflake.connector.connection"}
{"timestamp":"2025-05-23T07:40:39.615118","level":"info","event":"Running statement: USE DATABASE EDW, parameters: None","logger":"airflow.task.hooks.airflow.providers.snowflake.hooks.snowflake.SnowflakeHook"}
{"timestamp":"2025-05-23T07:40:39.615683","level":"info","event":"Running statement: USE DATABASE EDW, parameters: None","logger":"airflow.task.hooks.airflow.providers.snowflake.hooks.snowflake.SnowflakeHook"}
{"timestamp":"2025-05-23T07:40:39.737169","level":"info","event":"Rows affected: 1","logger":"airflow.task.hooks.airflow.providers.snowflake.hooks.snowflake.SnowflakeHook"}
{"timestamp":"2025-05-23T07:40:39.737642","level":"info","event":"Rows affected: 1","logger":"airflow.task.hooks.airflow.providers.snowflake.hooks.snowflake.SnowflakeHook"}
{"timestamp":"2025-05-23T07:40:39.737816","level":"info","event":"Snowflake query id: 01bc892c-0001-2a95-0001-8a160004c256","logger":"airflow.task.hooks.airflow.providers.snowflake.hooks.snowflake.SnowflakeHook"}
{"timestamp":"2025-05-23T07:40:39.973662","level":"info","event":"Snowflake Connector for Python Version: 3.15.0, Python Version: 3.12.10, Platform: Linux-5.15.167.4-microsoft-standard-WSL2-x86_64-with-glibc2.36","logger":"snowflake.connector.connection"}
{"timestamp":"2025-05-23T07:40:39.974976","level":"info","event":"Connecting to GLOBAL Snowflake domain","logger":"snowflake.connector.connection"}
{"timestamp":"2025-05-23T07:40:40.541605","level":"info","event":"Running statement: CREATE SCHEMA IF NOT EXISTS Bronze, parameters: None","logger":"airflow.task.hooks.airflow.providers.snowflake.hooks.snowflake.SnowflakeHook"}
{"timestamp":"2025-05-23T07:40:40.541992","level":"info","event":"Running statement: CREATE SCHEMA IF NOT EXISTS Bronze, parameters: None","logger":"airflow.task.hooks.airflow.providers.snowflake.hooks.snowflake.SnowflakeHook"}
{"timestamp":"2025-05-23T07:40:40.622498","level":"info","event":"Rows affected: 1","logger":"airflow.task.hooks.airflow.providers.snowflake.hooks.snowflake.SnowflakeHook"}
{"timestamp":"2025-05-23T07:40:40.623048","level":"info","event":"Rows affected: 1","logger":"airflow.task.hooks.airflow.providers.snowflake.hooks.snowflake.SnowflakeHook"}
{"timestamp":"2025-05-23T07:40:40.623316","level":"info","event":"Snowflake query id: 01bc892c-0001-2a95-0001-8a160004c25a","logger":"airflow.task.hooks.airflow.providers.snowflake.hooks.snowflake.SnowflakeHook"}
{"timestamp":"2025-05-23T07:40:40.863992","level":"info","event":"Snowflake Connector for Python Version: 3.15.0, Python Version: 3.12.10, Platform: Linux-5.15.167.4-microsoft-standard-WSL2-x86_64-with-glibc2.36","logger":"snowflake.connector.connection"}
{"timestamp":"2025-05-23T07:40:40.864971","level":"info","event":"Connecting to GLOBAL Snowflake domain","logger":"snowflake.connector.connection"}
{"timestamp":"2025-05-23T07:40:41.316213","level":"info","event":"Running statement: USE SCHEMA Bronze, parameters: None","logger":"airflow.task.hooks.airflow.providers.snowflake.hooks.snowflake.SnowflakeHook"}
{"timestamp":"2025-05-23T07:40:41.316783","level":"info","event":"Running statement: USE SCHEMA Bronze, parameters: None","logger":"airflow.task.hooks.airflow.providers.snowflake.hooks.snowflake.SnowflakeHook"}
{"timestamp":"2025-05-23T07:40:41.402292","level":"info","event":"Rows affected: 1","logger":"airflow.task.hooks.airflow.providers.snowflake.hooks.snowflake.SnowflakeHook"}
{"timestamp":"2025-05-23T07:40:41.402803","level":"info","event":"Rows affected: 1","logger":"airflow.task.hooks.airflow.providers.snowflake.hooks.snowflake.SnowflakeHook"}
{"timestamp":"2025-05-23T07:40:41.403068","level":"info","event":"Snowflake query id: 01bc892c-0001-2ad8-0001-8a160004e226","logger":"airflow.task.hooks.airflow.providers.snowflake.hooks.snowflake.SnowflakeHook"}
{"timestamp":"2025-05-23T07:40:41.729128","level":"info","event":"Running statement: \n    SELECT COLUMN_NAME\n    FROM INFORMATION_SCHEMA.COLUMNS\n    WHERE TABLE_NAME = UPPER('Person') AND TABLE_SCHEMA = 'Person'\n    , parameters: None","logger":"airflow.task.hooks.airflow.providers.microsoft.mssql.hooks.mssql.MsSqlHook"}
{"timestamp":"2025-05-23T07:40:41.828150","level":"info","event":"Snowflake Connector for Python Version: 3.15.0, Python Version: 3.12.10, Platform: Linux-5.15.167.4-microsoft-standard-WSL2-x86_64-with-glibc2.36","logger":"snowflake.connector.connection"}
{"timestamp":"2025-05-23T07:40:41.829212","level":"info","event":"Connecting to GLOBAL Snowflake domain","logger":"snowflake.connector.connection"}
{"timestamp":"2025-05-23T07:40:42.356707","level":"info","event":"Running statement: CREATE TABLE IF NOT EXISTS Person (\n        \"BusinessEntityID\" VARCHAR, \"PersonType\" VARCHAR, \"NameStyle\" VARCHAR, \"Title\" VARCHAR, \"FirstName\" VARCHAR, \"MiddleName\" VARCHAR, \"LastName\" VARCHAR, \"Suffix\" VARCHAR, \"EmailPromotion\" VARCHAR, \"AdditionalContactInfo\" VARCHAR, \"Demographics\" VARCHAR, \"rowguid\" VARCHAR, \"ModifiedDate\" VARCHAR\n    ), parameters: None","logger":"airflow.task.hooks.airflow.providers.snowflake.hooks.snowflake.SnowflakeHook"}
{"timestamp":"2025-05-23T07:40:42.357345","level":"info","event":"Running statement: CREATE TABLE IF NOT EXISTS Person (\n        \"BusinessEntityID\" VARCHAR, \"PersonType\" VARCHAR, \"NameStyle\" VARCHAR, \"Title\" VARCHAR, \"FirstName\" VARCHAR, \"MiddleName\" VARCHAR, \"LastName\" VARCHAR, \"Suffix\" VARCHAR, \"EmailPromotion\" VARCHAR, \"AdditionalContactInfo\" VARCHAR, \"Demographics\" VARCHAR, \"rowguid\" VARCHAR, \"ModifiedDate\" VARCHAR\n    ), parameters: None","logger":"airflow.task.hooks.airflow.providers.snowflake.hooks.snowflake.SnowflakeHook"}
{"timestamp":"2025-05-23T07:40:42.540875","level":"info","event":"Rows affected: 1","logger":"airflow.task.hooks.airflow.providers.snowflake.hooks.snowflake.SnowflakeHook"}
{"timestamp":"2025-05-23T07:40:42.541194","level":"info","event":"Rows affected: 1","logger":"airflow.task.hooks.airflow.providers.snowflake.hooks.snowflake.SnowflakeHook"}
{"timestamp":"2025-05-23T07:40:42.541427","level":"info","event":"Snowflake query id: 01bc892c-0001-2aa4-0001-8a160004d27e","logger":"airflow.task.hooks.airflow.providers.snowflake.hooks.snowflake.SnowflakeHook"}
{"timestamp":"2025-05-23T07:40:44.493155","level":"info","event":"Snowflake Connector for Python Version: 3.15.0, Python Version: 3.12.10, Platform: Linux-5.15.167.4-microsoft-standard-WSL2-x86_64-with-glibc2.36","logger":"snowflake.connector.connection"}
{"timestamp":"2025-05-23T07:40:44.494620","level":"info","event":"Connecting to GLOBAL Snowflake domain","logger":"snowflake.connector.connection"}
{"timestamp":"2025-05-23T07:40:45.313672","level":"info","event":"Running statement: PUT file:///tmp/tmpuve3odyi.csv @%Person AUTO_COMPRESS=TRUE, parameters: None","logger":"airflow.task.hooks.airflow.providers.snowflake.hooks.snowflake.SnowflakeHook"}
{"timestamp":"2025-05-23T07:40:45.314319","level":"info","event":"Running statement: PUT file:///tmp/tmpuve3odyi.csv @%Person AUTO_COMPRESS=TRUE, parameters: None","logger":"airflow.task.hooks.airflow.providers.snowflake.hooks.snowflake.SnowflakeHook"}
{"timestamp":"2025-05-23T07:40:47.604355","level":"info","event":"Rows affected: 1","logger":"airflow.task.hooks.airflow.providers.snowflake.hooks.snowflake.SnowflakeHook"}
{"timestamp":"2025-05-23T07:40:47.605770","level":"info","event":"Rows affected: 1","logger":"airflow.task.hooks.airflow.providers.snowflake.hooks.snowflake.SnowflakeHook"}
{"timestamp":"2025-05-23T07:40:47.606199","level":"info","event":"Snowflake query id: 01bc892c-0001-2aa4-0001-8a160004d282","logger":"airflow.task.hooks.airflow.providers.snowflake.hooks.snowflake.SnowflakeHook"}
{"timestamp":"2025-05-23T07:40:47.833622","level":"info","event":"Snowflake Connector for Python Version: 3.15.0, Python Version: 3.12.10, Platform: Linux-5.15.167.4-microsoft-standard-WSL2-x86_64-with-glibc2.36","logger":"snowflake.connector.connection"}
{"timestamp":"2025-05-23T07:40:47.834610","level":"info","event":"Connecting to GLOBAL Snowflake domain","logger":"snowflake.connector.connection"}
{"timestamp":"2025-05-23T07:40:48.335794","level":"info","event":"Running statement: COPY INTO Person\n    FROM @%Person\n    FILE_FORMAT = (TYPE = CSV FIELD_OPTIONALLY_ENCLOSED_BY = '\"' SKIP_HEADER = 0)\n    ON_ERROR = CONTINUE;, parameters: None","logger":"airflow.task.hooks.airflow.providers.snowflake.hooks.snowflake.SnowflakeHook"}
{"timestamp":"2025-05-23T07:40:48.336357","level":"info","event":"Running statement: COPY INTO Person\n    FROM @%Person\n    FILE_FORMAT = (TYPE = CSV FIELD_OPTIONALLY_ENCLOSED_BY = '\"' SKIP_HEADER = 0)\n    ON_ERROR = CONTINUE;, parameters: None","logger":"airflow.task.hooks.airflow.providers.snowflake.hooks.snowflake.SnowflakeHook"}
{"timestamp":"2025-05-23T07:40:49.413682","level":"info","event":"Rows affected: 1","logger":"airflow.task.hooks.airflow.providers.snowflake.hooks.snowflake.SnowflakeHook"}
{"timestamp":"2025-05-23T07:40:49.414387","level":"info","event":"Rows affected: 1","logger":"airflow.task.hooks.airflow.providers.snowflake.hooks.snowflake.SnowflakeHook"}
{"timestamp":"2025-05-23T07:40:49.414755","level":"info","event":"Snowflake query id: 01bc892c-0001-2aa6-0001-8a160004f266","logger":"airflow.task.hooks.airflow.providers.snowflake.hooks.snowflake.SnowflakeHook"}
{"timestamp":"2025-05-23T07:40:49.747968Z","level":"info","event":"Transferred 19972 rows from ['Person', 'Person'] to Snowflake","chan":"stdout","logger":"task"}
{"timestamp":"2025-05-23T07:40:49.763244","level":"info","event":"Done. Returned value was: None","logger":"airflow.task.operators.airflow.providers.standard.operators.python.PythonOperator"}
