{"timestamp":"2025-05-23T07:31:46.480296","level":"info","event":"DAG bundles loaded: dags-folder","logger":"airflow.dag_processing.bundles.manager.DagBundlesManager"}
{"timestamp":"2025-05-23T07:31:46.483224","level":"info","event":"Filling up the DagBag from /opt/airflow/dags/mssql_to_snowflake.py","logger":"airflow.models.dagbag.DagBag"}
{"timestamp":"2025-05-23T07:31:49.306637","level":"info","event":"Secrets backends loaded for worker","count":1,"backend_classes":["EnvironmentVariablesBackend"],"logger":"supervisor"}
{"timestamp":"2025-05-23T07:31:49.555469","level":"info","event":"Connection Retrieved 'mssqlserver'","logger":"airflow.hooks.base"}
{"timestamp":"2025-05-23T07:31:49.627544","level":"info","event":"Running statement: SELECT * FROM Sales.SalesTerritory, parameters: None","logger":"airflow.task.hooks.airflow.providers.microsoft.mssql.hooks.mssql.MsSqlHook"}
{"timestamp":"2025-05-23T07:31:49.658589","level":"info","event":"Secrets backends loaded for worker","count":1,"backend_classes":["EnvironmentVariablesBackend"],"logger":"supervisor"}
{"timestamp":"2025-05-23T07:31:49.742687","level":"info","event":"Connection Retrieved 'snowflake-connect'","logger":"airflow.hooks.base"}
{"timestamp":"2025-05-23T07:31:49.743710","level":"info","event":"Snowflake Connector for Python Version: 3.15.0, Python Version: 3.12.10, Platform: Linux-5.15.167.4-microsoft-standard-WSL2-x86_64-with-glibc2.36","logger":"snowflake.connector.connection"}
{"timestamp":"2025-05-23T07:31:49.745200","level":"info","event":"Connecting to GLOBAL Snowflake domain","logger":"snowflake.connector.connection"}
{"timestamp":"2025-05-23T07:31:50.632248","level":"info","event":"Running statement: USE DATABASE EDW, parameters: None","logger":"airflow.task.hooks.airflow.providers.snowflake.hooks.snowflake.SnowflakeHook"}
{"timestamp":"2025-05-23T07:31:50.632697","level":"info","event":"Running statement: USE DATABASE EDW, parameters: None","logger":"airflow.task.hooks.airflow.providers.snowflake.hooks.snowflake.SnowflakeHook"}
{"timestamp":"2025-05-23T07:31:50.735723","level":"info","event":"Rows affected: 1","logger":"airflow.task.hooks.airflow.providers.snowflake.hooks.snowflake.SnowflakeHook"}
{"timestamp":"2025-05-23T07:31:50.736204","level":"info","event":"Rows affected: 1","logger":"airflow.task.hooks.airflow.providers.snowflake.hooks.snowflake.SnowflakeHook"}
{"timestamp":"2025-05-23T07:31:50.736432","level":"info","event":"Snowflake query id: 01bc8923-0001-2af1-0001-8a1600051056","logger":"airflow.task.hooks.airflow.providers.snowflake.hooks.snowflake.SnowflakeHook"}
{"timestamp":"2025-05-23T07:31:50.975454","level":"info","event":"Snowflake Connector for Python Version: 3.15.0, Python Version: 3.12.10, Platform: Linux-5.15.167.4-microsoft-standard-WSL2-x86_64-with-glibc2.36","logger":"snowflake.connector.connection"}
{"timestamp":"2025-05-23T07:31:50.978505","level":"info","event":"Connecting to GLOBAL Snowflake domain","logger":"snowflake.connector.connection"}
{"timestamp":"2025-05-23T07:31:51.596540","level":"info","event":"Running statement: CREATE SCHEMA IF NOT EXISTS Bronze, parameters: None","logger":"airflow.task.hooks.airflow.providers.snowflake.hooks.snowflake.SnowflakeHook"}
{"timestamp":"2025-05-23T07:31:51.597045","level":"info","event":"Running statement: CREATE SCHEMA IF NOT EXISTS Bronze, parameters: None","logger":"airflow.task.hooks.airflow.providers.snowflake.hooks.snowflake.SnowflakeHook"}
{"timestamp":"2025-05-23T07:31:51.682030","level":"info","event":"Rows affected: 1","logger":"airflow.task.hooks.airflow.providers.snowflake.hooks.snowflake.SnowflakeHook"}
{"timestamp":"2025-05-23T07:31:51.682459","level":"info","event":"Rows affected: 1","logger":"airflow.task.hooks.airflow.providers.snowflake.hooks.snowflake.SnowflakeHook"}
{"timestamp":"2025-05-23T07:31:51.682684","level":"info","event":"Snowflake query id: 01bc8923-0001-2ad8-0001-8a160004e16a","logger":"airflow.task.hooks.airflow.providers.snowflake.hooks.snowflake.SnowflakeHook"}
{"timestamp":"2025-05-23T07:31:51.902168","level":"info","event":"Snowflake Connector for Python Version: 3.15.0, Python Version: 3.12.10, Platform: Linux-5.15.167.4-microsoft-standard-WSL2-x86_64-with-glibc2.36","logger":"snowflake.connector.connection"}
{"timestamp":"2025-05-23T07:31:51.902963","level":"info","event":"Connecting to GLOBAL Snowflake domain","logger":"snowflake.connector.connection"}
{"timestamp":"2025-05-23T07:31:52.292600","level":"info","event":"Running statement: USE SCHEMA Bronze, parameters: None","logger":"airflow.task.hooks.airflow.providers.snowflake.hooks.snowflake.SnowflakeHook"}
{"timestamp":"2025-05-23T07:31:52.292921","level":"info","event":"Running statement: USE SCHEMA Bronze, parameters: None","logger":"airflow.task.hooks.airflow.providers.snowflake.hooks.snowflake.SnowflakeHook"}
{"timestamp":"2025-05-23T07:31:52.376661","level":"info","event":"Rows affected: 1","logger":"airflow.task.hooks.airflow.providers.snowflake.hooks.snowflake.SnowflakeHook"}
{"timestamp":"2025-05-23T07:31:52.377126","level":"info","event":"Rows affected: 1","logger":"airflow.task.hooks.airflow.providers.snowflake.hooks.snowflake.SnowflakeHook"}
{"timestamp":"2025-05-23T07:31:52.377396","level":"info","event":"Snowflake query id: 01bc8923-0001-2af1-0001-8a160005105a","logger":"airflow.task.hooks.airflow.providers.snowflake.hooks.snowflake.SnowflakeHook"}
{"timestamp":"2025-05-23T07:31:52.632830","level":"info","event":"Running statement: \n    SELECT COLUMN_NAME\n    FROM INFORMATION_SCHEMA.COLUMNS\n    WHERE TABLE_NAME = UPPER('SalesTerritory') AND TABLE_SCHEMA = 'Sales'\n    , parameters: None","logger":"airflow.task.hooks.airflow.providers.microsoft.mssql.hooks.mssql.MsSqlHook"}
{"timestamp":"2025-05-23T07:31:52.722296","level":"info","event":"Snowflake Connector for Python Version: 3.15.0, Python Version: 3.12.10, Platform: Linux-5.15.167.4-microsoft-standard-WSL2-x86_64-with-glibc2.36","logger":"snowflake.connector.connection"}
{"timestamp":"2025-05-23T07:31:52.723265","level":"info","event":"Connecting to GLOBAL Snowflake domain","logger":"snowflake.connector.connection"}
{"timestamp":"2025-05-23T07:31:53.250905","level":"info","event":"Running statement: CREATE TABLE IF NOT EXISTS SalesTerritory (\n        \"TerritoryID\" VARCHAR, \"Name\" VARCHAR, \"CountryRegionCode\" VARCHAR, \"Group\" VARCHAR, \"SalesYTD\" VARCHAR, \"SalesLastYear\" VARCHAR, \"CostYTD\" VARCHAR, \"CostLastYear\" VARCHAR, \"rowguid\" VARCHAR, \"ModifiedDate\" VARCHAR\n    ), parameters: None","logger":"airflow.task.hooks.airflow.providers.snowflake.hooks.snowflake.SnowflakeHook"}
{"timestamp":"2025-05-23T07:31:53.251407","level":"info","event":"Running statement: CREATE TABLE IF NOT EXISTS SalesTerritory (\n        \"TerritoryID\" VARCHAR, \"Name\" VARCHAR, \"CountryRegionCode\" VARCHAR, \"Group\" VARCHAR, \"SalesYTD\" VARCHAR, \"SalesLastYear\" VARCHAR, \"CostYTD\" VARCHAR, \"CostLastYear\" VARCHAR, \"rowguid\" VARCHAR, \"ModifiedDate\" VARCHAR\n    ), parameters: None","logger":"airflow.task.hooks.airflow.providers.snowflake.hooks.snowflake.SnowflakeHook"}
{"timestamp":"2025-05-23T07:31:53.383469","level":"info","event":"Rows affected: 1","logger":"airflow.task.hooks.airflow.providers.snowflake.hooks.snowflake.SnowflakeHook"}
{"timestamp":"2025-05-23T07:31:53.383955","level":"info","event":"Rows affected: 1","logger":"airflow.task.hooks.airflow.providers.snowflake.hooks.snowflake.SnowflakeHook"}
{"timestamp":"2025-05-23T07:31:53.384242","level":"info","event":"Snowflake query id: 01bc8923-0001-2ae1-0001-8a1600052066","logger":"airflow.task.hooks.airflow.providers.snowflake.hooks.snowflake.SnowflakeHook"}
{"timestamp":"2025-05-23T07:31:53.580612","level":"info","event":"Snowflake Connector for Python Version: 3.15.0, Python Version: 3.12.10, Platform: Linux-5.15.167.4-microsoft-standard-WSL2-x86_64-with-glibc2.36","logger":"snowflake.connector.connection"}
{"timestamp":"2025-05-23T07:31:53.582200","level":"info","event":"Connecting to GLOBAL Snowflake domain","logger":"snowflake.connector.connection"}
{"timestamp":"2025-05-23T07:31:54.559180","level":"info","event":"Running statement: PUT file:///tmp/tmprfgu1ux1.csv @%SalesTerritory AUTO_COMPRESS=TRUE, parameters: None","logger":"airflow.task.hooks.airflow.providers.snowflake.hooks.snowflake.SnowflakeHook"}
{"timestamp":"2025-05-23T07:31:54.559732","level":"info","event":"Running statement: PUT file:///tmp/tmprfgu1ux1.csv @%SalesTerritory AUTO_COMPRESS=TRUE, parameters: None","logger":"airflow.task.hooks.airflow.providers.snowflake.hooks.snowflake.SnowflakeHook"}
{"timestamp":"2025-05-23T07:31:55.148981","level":"info","event":"Rows affected: 1","logger":"airflow.task.hooks.airflow.providers.snowflake.hooks.snowflake.SnowflakeHook"}
{"timestamp":"2025-05-23T07:31:55.150012","level":"info","event":"Rows affected: 1","logger":"airflow.task.hooks.airflow.providers.snowflake.hooks.snowflake.SnowflakeHook"}
{"timestamp":"2025-05-23T07:31:55.150381","level":"info","event":"Snowflake query id: 01bc8923-0001-2aa4-0001-8a160004d1b6","logger":"airflow.task.hooks.airflow.providers.snowflake.hooks.snowflake.SnowflakeHook"}
{"timestamp":"2025-05-23T07:31:55.386695","level":"info","event":"Snowflake Connector for Python Version: 3.15.0, Python Version: 3.12.10, Platform: Linux-5.15.167.4-microsoft-standard-WSL2-x86_64-with-glibc2.36","logger":"snowflake.connector.connection"}
{"timestamp":"2025-05-23T07:31:55.387663","level":"info","event":"Connecting to GLOBAL Snowflake domain","logger":"snowflake.connector.connection"}
{"timestamp":"2025-05-23T07:31:55.765296","level":"info","event":"Running statement: COPY INTO SalesTerritory\n    FROM @%SalesTerritory\n    FILE_FORMAT = (TYPE = CSV FIELD_OPTIONALLY_ENCLOSED_BY = '\"' SKIP_HEADER = 0)\n    ON_ERROR = CONTINUE;, parameters: None","logger":"airflow.task.hooks.airflow.providers.snowflake.hooks.snowflake.SnowflakeHook"}
{"timestamp":"2025-05-23T07:31:55.765721","level":"info","event":"Running statement: COPY INTO SalesTerritory\n    FROM @%SalesTerritory\n    FILE_FORMAT = (TYPE = CSV FIELD_OPTIONALLY_ENCLOSED_BY = '\"' SKIP_HEADER = 0)\n    ON_ERROR = CONTINUE;, parameters: None","logger":"airflow.task.hooks.airflow.providers.snowflake.hooks.snowflake.SnowflakeHook"}
{"timestamp":"2025-05-23T07:31:57.213564","level":"info","event":"Rows affected: 1","logger":"airflow.task.hooks.airflow.providers.snowflake.hooks.snowflake.SnowflakeHook"}
{"timestamp":"2025-05-23T07:31:57.214045","level":"info","event":"Rows affected: 1","logger":"airflow.task.hooks.airflow.providers.snowflake.hooks.snowflake.SnowflakeHook"}
{"timestamp":"2025-05-23T07:31:57.214299","level":"info","event":"Snowflake query id: 01bc8923-0001-2af1-0001-8a1600051062","logger":"airflow.task.hooks.airflow.providers.snowflake.hooks.snowflake.SnowflakeHook"}
{"timestamp":"2025-05-23T07:31:57.584289Z","level":"info","event":"Transferred 10 rows from ['Sales', 'SalesTerritory'] to Snowflake","chan":"stdout","logger":"task"}
{"timestamp":"2025-05-23T07:31:57.585570","level":"info","event":"Done. Returned value was: None","logger":"airflow.task.operators.airflow.providers.standard.operators.python.PythonOperator"}
