{"timestamp":"2025-05-22T07:19:42.478273","level":"info","event":"DAG bundles loaded: dags-folder","logger":"airflow.dag_processing.bundles.manager.DagBundlesManager"}
{"timestamp":"2025-05-22T07:19:42.480464","level":"info","event":"Filling up the DagBag from /opt/airflow/dags/load_data.py","logger":"airflow.models.dagbag.DagBag"}
{"timestamp":"2025-05-22T07:19:50.829615","level":"info","event":"Secrets backends loaded for worker","count":1,"backend_classes":["EnvironmentVariablesBackend"],"logger":"supervisor"}
{"timestamp":"2025-05-22T07:19:51.550380","level":"info","event":"Connection Retrieved 'mssqlserver'","logger":"airflow.hooks.base"}
{"timestamp":"2025-05-22T07:19:55.179609","level":"info","event":"Running statement: SELECT * FROM Purchasing.ShipMethod, parameters: None","logger":"airflow.task.hooks.airflow.providers.microsoft.mssql.hooks.mssql.MsSqlHook"}
{"timestamp":"2025-05-22T07:20:07.664761","level":"info","event":"Secrets backends loaded for worker","count":1,"backend_classes":["EnvironmentVariablesBackend"],"logger":"supervisor"}
{"timestamp":"2025-05-22T07:20:08.680600","level":"info","event":"Connection Retrieved 'snowflake-connect'","logger":"airflow.hooks.base"}
{"timestamp":"2025-05-22T07:20:08.782406","level":"info","event":"Snowflake Connector for Python Version: 3.15.0, Python Version: 3.12.10, Platform: Linux-5.15.167.4-microsoft-standard-WSL2-x86_64-with-glibc2.36","logger":"snowflake.connector.connection"}
{"timestamp":"2025-05-22T07:20:08.927696","level":"info","event":"Connecting to GLOBAL Snowflake domain","logger":"snowflake.connector.connection"}
{"timestamp":"2025-05-22T07:20:15.637307","level":"info","event":"Running statement: USE DATABASE EDW, parameters: None","logger":"airflow.task.hooks.airflow.providers.snowflake.hooks.snowflake.SnowflakeHook"}
{"timestamp":"2025-05-22T07:20:15.641717","level":"info","event":"Running statement: USE DATABASE EDW, parameters: None","logger":"airflow.task.hooks.airflow.providers.snowflake.hooks.snowflake.SnowflakeHook"}
{"timestamp":"2025-05-22T07:20:15.772864","level":"info","event":"Rows affected: 1","logger":"airflow.task.hooks.airflow.providers.snowflake.hooks.snowflake.SnowflakeHook"}
{"timestamp":"2025-05-22T07:20:15.773727","level":"info","event":"Rows affected: 1","logger":"airflow.task.hooks.airflow.providers.snowflake.hooks.snowflake.SnowflakeHook"}
{"timestamp":"2025-05-22T07:20:15.774093","level":"info","event":"Snowflake query id: 01bc8378-0001-2a4d-0001-8a160004703e","logger":"airflow.task.hooks.airflow.providers.snowflake.hooks.snowflake.SnowflakeHook"}
{"timestamp":"2025-05-22T07:20:16.123163","level":"info","event":"Snowflake Connector for Python Version: 3.15.0, Python Version: 3.12.10, Platform: Linux-5.15.167.4-microsoft-standard-WSL2-x86_64-with-glibc2.36","logger":"snowflake.connector.connection"}
{"timestamp":"2025-05-22T07:20:16.124567","level":"info","event":"Connecting to GLOBAL Snowflake domain","logger":"snowflake.connector.connection"}
{"timestamp":"2025-05-22T07:20:17.203263","level":"info","event":"Running statement: CREATE SCHEMA IF NOT EXISTS Bronze, parameters: None","logger":"airflow.task.hooks.airflow.providers.snowflake.hooks.snowflake.SnowflakeHook"}
{"timestamp":"2025-05-22T07:20:17.204887","level":"info","event":"Running statement: CREATE SCHEMA IF NOT EXISTS Bronze, parameters: None","logger":"airflow.task.hooks.airflow.providers.snowflake.hooks.snowflake.SnowflakeHook"}
{"timestamp":"2025-05-22T07:20:17.306364","level":"info","event":"Rows affected: 1","logger":"airflow.task.hooks.airflow.providers.snowflake.hooks.snowflake.SnowflakeHook"}
{"timestamp":"2025-05-22T07:20:17.307090","level":"info","event":"Rows affected: 1","logger":"airflow.task.hooks.airflow.providers.snowflake.hooks.snowflake.SnowflakeHook"}
{"timestamp":"2025-05-22T07:20:17.307395","level":"info","event":"Snowflake query id: 01bc8378-0001-2a4d-0001-8a1600047042","logger":"airflow.task.hooks.airflow.providers.snowflake.hooks.snowflake.SnowflakeHook"}
{"timestamp":"2025-05-22T07:20:17.573266","level":"info","event":"Snowflake Connector for Python Version: 3.15.0, Python Version: 3.12.10, Platform: Linux-5.15.167.4-microsoft-standard-WSL2-x86_64-with-glibc2.36","logger":"snowflake.connector.connection"}
{"timestamp":"2025-05-22T07:20:17.577435","level":"info","event":"Connecting to GLOBAL Snowflake domain","logger":"snowflake.connector.connection"}
{"timestamp":"2025-05-22T07:20:18.532334","level":"info","event":"Running statement: USE SCHEMA Bronze, parameters: None","logger":"airflow.task.hooks.airflow.providers.snowflake.hooks.snowflake.SnowflakeHook"}
{"timestamp":"2025-05-22T07:20:18.534187","level":"info","event":"Running statement: USE SCHEMA Bronze, parameters: None","logger":"airflow.task.hooks.airflow.providers.snowflake.hooks.snowflake.SnowflakeHook"}
{"timestamp":"2025-05-22T07:20:18.631749","level":"info","event":"Rows affected: 1","logger":"airflow.task.hooks.airflow.providers.snowflake.hooks.snowflake.SnowflakeHook"}
{"timestamp":"2025-05-22T07:20:18.632305","level":"info","event":"Rows affected: 1","logger":"airflow.task.hooks.airflow.providers.snowflake.hooks.snowflake.SnowflakeHook"}
{"timestamp":"2025-05-22T07:20:18.632450","level":"info","event":"Snowflake query id: 01bc8378-0001-2a4a-0001-8a160004906a","logger":"airflow.task.hooks.airflow.providers.snowflake.hooks.snowflake.SnowflakeHook"}
{"timestamp":"2025-05-22T07:20:53.455307","level":"info","event":"Running statement: SELECT COLUMN_NAME FROM INFORMATION_SCHEMA.COLUMNS WHERE TABLE_NAME = UPPER('ShipMethod') AND TABLE_SCHEMA = 'Purchasing', parameters: None","logger":"airflow.task.hooks.airflow.providers.microsoft.mssql.hooks.mssql.MsSqlHook"}
{"timestamp":"2025-05-22T07:20:54.180297","level":"info","event":"Snowflake Connector for Python Version: 3.15.0, Python Version: 3.12.10, Platform: Linux-5.15.167.4-microsoft-standard-WSL2-x86_64-with-glibc2.36","logger":"snowflake.connector.connection"}
{"timestamp":"2025-05-22T07:20:54.182616","level":"info","event":"Connecting to GLOBAL Snowflake domain","logger":"snowflake.connector.connection"}
{"timestamp":"2025-05-22T07:20:54.939587","level":"info","event":"Running statement: CREATE TABLE IF NOT EXISTS ShipMethod (\n        ShipMethodID VARCHAR, Name VARCHAR, ShipBase VARCHAR, ShipRate VARCHAR, rowguid VARCHAR, ModifiedDate VARCHAR\n    ), parameters: None","logger":"airflow.task.hooks.airflow.providers.snowflake.hooks.snowflake.SnowflakeHook"}
{"timestamp":"2025-05-22T07:20:54.939953","level":"info","event":"Running statement: CREATE TABLE IF NOT EXISTS ShipMethod (\n        ShipMethodID VARCHAR, Name VARCHAR, ShipBase VARCHAR, ShipRate VARCHAR, rowguid VARCHAR, ModifiedDate VARCHAR\n    ), parameters: None","logger":"airflow.task.hooks.airflow.providers.snowflake.hooks.snowflake.SnowflakeHook"}
{"timestamp":"2025-05-22T07:20:55.250711","level":"info","event":"Rows affected: 1","logger":"airflow.task.hooks.airflow.providers.snowflake.hooks.snowflake.SnowflakeHook"}
{"timestamp":"2025-05-22T07:20:55.251082","level":"info","event":"Rows affected: 1","logger":"airflow.task.hooks.airflow.providers.snowflake.hooks.snowflake.SnowflakeHook"}
{"timestamp":"2025-05-22T07:20:55.251180","level":"info","event":"Snowflake query id: 01bc8378-0001-2952-0001-8a1600048076","logger":"airflow.task.hooks.airflow.providers.snowflake.hooks.snowflake.SnowflakeHook"}
{"timestamp":"2025-05-22T07:20:55.528564","level":"info","event":"Snowflake Connector for Python Version: 3.15.0, Python Version: 3.12.10, Platform: Linux-5.15.167.4-microsoft-standard-WSL2-x86_64-with-glibc2.36","logger":"snowflake.connector.connection"}
{"timestamp":"2025-05-22T07:20:55.529592","level":"info","event":"Connecting to GLOBAL Snowflake domain","logger":"snowflake.connector.connection"}
{"timestamp":"2025-05-22T07:20:56.168940","level":"info","event":"Running statement: INSERT INTO ShipMethod (ShipMethodID, Name, ShipBase, ShipRate, rowguid, ModifiedDate)\n    VALUES ('1', 'XRQ - TRUCK GROUND', '3.9500', '0.9900', '6be756d9-d7be-4463-8f2c-ae60c710d606', '2008-04-30 00:00:00'), ('2', 'ZY - EXPRESS', '9.9500', '1.9900', '3455079b-f773-4dc6-8f1e-2a58649c4ab8', '2008-04-30 00:00:00'), ('3', 'OVERSEAS - DELUXE', '29.9500', '2.9900', '22f4e461-28cf-4ace-a980-f686cf112ec8', '2008-04-30 00:00:00'), ('4', 'OVERNIGHT J-FAST', '21.9500', '1.2900', '107e8356-e7a8-463d-b60c-079fff467f3f', '2008-04-30 00:00:00'), ('5', 'CARGO TRANSPORT 5', '8.9900', '1.4900', 'b166019a-b134-4e76-b957-2b0490c610ed', '2008-04-30 00:00:00'), parameters: None","logger":"airflow.task.hooks.airflow.providers.snowflake.hooks.snowflake.SnowflakeHook"}
{"timestamp":"2025-05-22T07:20:56.169324","level":"info","event":"Running statement: INSERT INTO ShipMethod (ShipMethodID, Name, ShipBase, ShipRate, rowguid, ModifiedDate)\n    VALUES ('1', 'XRQ - TRUCK GROUND', '3.9500', '0.9900', '6be756d9-d7be-4463-8f2c-ae60c710d606', '2008-04-30 00:00:00'), ('2', 'ZY - EXPRESS', '9.9500', '1.9900', '3455079b-f773-4dc6-8f1e-2a58649c4ab8', '2008-04-30 00:00:00'), ('3', 'OVERSEAS - DELUXE', '29.9500', '2.9900', '22f4e461-28cf-4ace-a980-f686cf112ec8', '2008-04-30 00:00:00'), ('4', 'OVERNIGHT J-FAST', '21.9500', '1.2900', '107e8356-e7a8-463d-b60c-079fff467f3f', '2008-04-30 00:00:00'), ('5', 'CARGO TRANSPORT 5', '8.9900', '1.4900', 'b166019a-b134-4e76-b957-2b0490c610ed', '2008-04-30 00:00:00'), parameters: None","logger":"airflow.task.hooks.airflow.providers.snowflake.hooks.snowflake.SnowflakeHook"}
{"timestamp":"2025-05-22T07:21:26.475441Z","level":"info","event":"Transferred 5 rows from ['Purchasing', 'ShipMethod'] to Snowflake","chan":"stdout","logger":"task"}
{"timestamp":"2025-05-22T07:21:00.397587","level":"info","event":"Rows affected: 5","logger":"airflow.task.hooks.airflow.providers.snowflake.hooks.snowflake.SnowflakeHook"}
{"timestamp":"2025-05-22T07:21:00.403193","level":"info","event":"Rows affected: 5","logger":"airflow.task.hooks.airflow.providers.snowflake.hooks.snowflake.SnowflakeHook"}
{"timestamp":"2025-05-22T07:21:00.404004","level":"info","event":"Snowflake query id: 01bc8378-0001-2a1c-0001-8a160004607a","logger":"airflow.task.hooks.airflow.providers.snowflake.hooks.snowflake.SnowflakeHook"}
{"timestamp":"2025-05-22T07:21:00.916926","level":"info","event":"Done. Returned value was: None","logger":"airflow.task.operators.airflow.providers.standard.operators.python.PythonOperator"}
