{"timestamp":"2025-05-21T14:11:48.877657","level":"info","event":"DAG bundles loaded: dags-folder","logger":"airflow.dag_processing.bundles.manager.DagBundlesManager"}
{"timestamp":"2025-05-21T14:11:48.887030","level":"info","event":"Filling up the DagBag from /opt/airflow/dags/load_data.py","logger":"airflow.models.dagbag.DagBag"}
{"timestamp":"2025-05-21T14:11:53.510398","level":"info","event":"Secrets backends loaded for worker","count":1,"backend_classes":["EnvironmentVariablesBackend"],"logger":"supervisor"}
{"timestamp":"2025-05-21T14:11:53.979247","level":"info","event":"Connection Retrieved 'mssqlserver'","logger":"airflow.hooks.base"}
{"timestamp":"2025-05-21T14:11:54.292726","level":"info","event":"Running statement: SELECT * FROM Person.Password, parameters: None","logger":"airflow.task.hooks.airflow.providers.microsoft.mssql.hooks.mssql.MsSqlHook"}
{"timestamp":"2025-05-21T14:11:59.184309","level":"info","event":"Secrets backends loaded for worker","count":1,"backend_classes":["EnvironmentVariablesBackend"],"logger":"supervisor"}
{"timestamp":"2025-05-21T14:11:59.983382","level":"info","event":"Connection Retrieved 'snowflake-connect'","logger":"airflow.hooks.base"}
{"timestamp":"2025-05-21T14:11:59.985935","level":"info","event":"Snowflake Connector for Python Version: 3.15.0, Python Version: 3.12.10, Platform: Linux-5.15.167.4-microsoft-standard-WSL2-x86_64-with-glibc2.36","logger":"snowflake.connector.connection"}
{"timestamp":"2025-05-21T14:11:59.986961","level":"info","event":"Connecting to GLOBAL Snowflake domain","logger":"snowflake.connector.connection"}
{"timestamp":"2025-05-21T14:12:01.408804","level":"info","event":"Running statement: USE DATABASE EDW, parameters: None","logger":"airflow.task.hooks.airflow.providers.snowflake.hooks.snowflake.SnowflakeHook"}
{"timestamp":"2025-05-21T14:12:01.409431","level":"info","event":"Running statement: USE DATABASE EDW, parameters: None","logger":"airflow.task.hooks.airflow.providers.snowflake.hooks.snowflake.SnowflakeHook"}
{"timestamp":"2025-05-21T14:12:01.531010","level":"info","event":"Rows affected: 1","logger":"airflow.task.hooks.airflow.providers.snowflake.hooks.snowflake.SnowflakeHook"}
{"timestamp":"2025-05-21T14:12:01.531217","level":"info","event":"Rows affected: 1","logger":"airflow.task.hooks.airflow.providers.snowflake.hooks.snowflake.SnowflakeHook"}
{"timestamp":"2025-05-21T14:12:01.531286","level":"info","event":"Snowflake query id: 01bc7f74-0001-296b-0001-8a1600045162","logger":"airflow.task.hooks.airflow.providers.snowflake.hooks.snowflake.SnowflakeHook"}
{"timestamp":"2025-05-21T14:12:01.795785","level":"info","event":"Snowflake Connector for Python Version: 3.15.0, Python Version: 3.12.10, Platform: Linux-5.15.167.4-microsoft-standard-WSL2-x86_64-with-glibc2.36","logger":"snowflake.connector.connection"}
{"timestamp":"2025-05-21T14:12:01.796383","level":"info","event":"Connecting to GLOBAL Snowflake domain","logger":"snowflake.connector.connection"}
{"timestamp":"2025-05-21T14:12:02.368466","level":"info","event":"Running statement: CREATE SCHEMA IF NOT EXISTS Bronze, parameters: None","logger":"airflow.task.hooks.airflow.providers.snowflake.hooks.snowflake.SnowflakeHook"}
{"timestamp":"2025-05-21T14:12:02.368688","level":"info","event":"Running statement: CREATE SCHEMA IF NOT EXISTS Bronze, parameters: None","logger":"airflow.task.hooks.airflow.providers.snowflake.hooks.snowflake.SnowflakeHook"}
{"timestamp":"2025-05-21T14:12:02.474468","level":"info","event":"Rows affected: 1","logger":"airflow.task.hooks.airflow.providers.snowflake.hooks.snowflake.SnowflakeHook"}
{"timestamp":"2025-05-21T14:12:02.474867","level":"info","event":"Rows affected: 1","logger":"airflow.task.hooks.airflow.providers.snowflake.hooks.snowflake.SnowflakeHook"}
{"timestamp":"2025-05-21T14:12:02.475013","level":"info","event":"Snowflake query id: 01bc7f74-0001-2981-0001-8a160003f21a","logger":"airflow.task.hooks.airflow.providers.snowflake.hooks.snowflake.SnowflakeHook"}
{"timestamp":"2025-05-21T14:12:02.677579","level":"info","event":"Snowflake Connector for Python Version: 3.15.0, Python Version: 3.12.10, Platform: Linux-5.15.167.4-microsoft-standard-WSL2-x86_64-with-glibc2.36","logger":"snowflake.connector.connection"}
{"timestamp":"2025-05-21T14:12:02.678345","level":"info","event":"Connecting to GLOBAL Snowflake domain","logger":"snowflake.connector.connection"}
{"timestamp":"2025-05-21T14:12:03.253314","level":"info","event":"Running statement: USE SCHEMA Bronze, parameters: None","logger":"airflow.task.hooks.airflow.providers.snowflake.hooks.snowflake.SnowflakeHook"}
{"timestamp":"2025-05-21T14:12:03.253504","level":"info","event":"Running statement: USE SCHEMA Bronze, parameters: None","logger":"airflow.task.hooks.airflow.providers.snowflake.hooks.snowflake.SnowflakeHook"}
{"timestamp":"2025-05-21T14:12:03.354404","level":"info","event":"Rows affected: 1","logger":"airflow.task.hooks.airflow.providers.snowflake.hooks.snowflake.SnowflakeHook"}
{"timestamp":"2025-05-21T14:12:03.354763","level":"info","event":"Rows affected: 1","logger":"airflow.task.hooks.airflow.providers.snowflake.hooks.snowflake.SnowflakeHook"}
{"timestamp":"2025-05-21T14:12:03.354868","level":"info","event":"Snowflake query id: 01bc7f74-0001-29f9-0001-8a1600043172","logger":"airflow.task.hooks.airflow.providers.snowflake.hooks.snowflake.SnowflakeHook"}
{"timestamp":"2025-05-21T14:12:03.665982","level":"info","event":"Running statement: SELECT COLUMN_NAME FROM INFORMATION_SCHEMA.COLUMNS WHERE TABLE_NAME = UPPER('Password') AND TABLE_SCHEMA = 'Person', parameters: None","logger":"airflow.task.hooks.airflow.providers.microsoft.mssql.hooks.mssql.MsSqlHook"}
{"timestamp":"2025-05-21T14:12:04.048619","level":"info","event":"Snowflake Connector for Python Version: 3.15.0, Python Version: 3.12.10, Platform: Linux-5.15.167.4-microsoft-standard-WSL2-x86_64-with-glibc2.36","logger":"snowflake.connector.connection"}
{"timestamp":"2025-05-21T14:12:04.049025","level":"info","event":"Connecting to GLOBAL Snowflake domain","logger":"snowflake.connector.connection"}
{"timestamp":"2025-05-21T14:12:04.458388","level":"info","event":"Running statement: CREATE TABLE IF NOT EXISTS Person.Password (\n        BusinessEntityID VARCHAR, PasswordHash VARCHAR, PasswordSalt VARCHAR, rowguid VARCHAR, ModifiedDate VARCHAR\n    ), parameters: None","logger":"airflow.task.hooks.airflow.providers.snowflake.hooks.snowflake.SnowflakeHook"}
{"timestamp":"2025-05-21T14:12:04.458961","level":"info","event":"Running statement: CREATE TABLE IF NOT EXISTS Person.Password (\n        BusinessEntityID VARCHAR, PasswordHash VARCHAR, PasswordSalt VARCHAR, rowguid VARCHAR, ModifiedDate VARCHAR\n    ), parameters: None","logger":"airflow.task.hooks.airflow.providers.snowflake.hooks.snowflake.SnowflakeHook"}
{"timestamp":"2025-05-21T14:12:04.795197","level":"error","event":"Task failed with exception","logger":"task","error_detail":[{"exc_type":"ProgrammingError","exc_value":"002003 (02000): 01bc7f74-0001-2972-0001-8a160004413a: SQL compilation error:\nSchema 'EDW.PERSON' does not exist or not authorized.","exc_notes":[],"syntax_error":null,"is_cause":false,"frames":[{"filename":"/home/airflow/.local/lib/python3.12/site-packages/airflow/sdk/execution_time/task_runner.py","lineno":838,"name":"run"},{"filename":"/home/airflow/.local/lib/python3.12/site-packages/airflow/sdk/execution_time/task_runner.py","lineno":1130,"name":"_execute_task"},{"filename":"/home/airflow/.local/lib/python3.12/site-packages/airflow/sdk/bases/operator.py","lineno":408,"name":"wrapper"},{"filename":"/home/airflow/.local/lib/python3.12/site-packages/airflow/providers/standard/operators/python.py","lineno":212,"name":"execute"},{"filename":"/home/airflow/.local/lib/python3.12/site-packages/airflow/providers/standard/operators/python.py","lineno":235,"name":"execute_callable"},{"filename":"/home/airflow/.local/lib/python3.12/site-packages/airflow/sdk/execution_time/callback_runner.py","lineno":81,"name":"run"},{"filename":"/opt/airflow/dags/load_data.py","lineno":62,"name":"extract_from_mssql"},{"filename":"/home/airflow/.local/lib/python3.12/site-packages/airflow/providers/snowflake/hooks/snowflake.py","lineno":522,"name":"run"},{"filename":"/home/airflow/.local/lib/python3.12/site-packages/airflow/providers/common/sql/hooks/sql.py","lineno":777,"name":"_run_command"},{"filename":"/home/airflow/.local/lib/python3.12/site-packages/snowflake/connector/cursor.py","lineno":1134,"name":"execute"},{"filename":"/home/airflow/.local/lib/python3.12/site-packages/snowflake/connector/errors.py","lineno":279,"name":"errorhandler_wrapper"},{"filename":"/home/airflow/.local/lib/python3.12/site-packages/snowflake/connector/errors.py","lineno":334,"name":"hand_to_other_handler"},{"filename":"/home/airflow/.local/lib/python3.12/site-packages/snowflake/connector/errors.py","lineno":210,"name":"default_errorhandler"}]}]}
