{"timestamp":"2025-05-23T07:37:28.696133","level":"info","event":"DAG bundles loaded: dags-folder","logger":"airflow.dag_processing.bundles.manager.DagBundlesManager"}
{"timestamp":"2025-05-23T07:37:28.698126","level":"info","event":"Filling up the DagBag from /opt/airflow/dags/mssql_to_snowflake.py","logger":"airflow.models.dagbag.DagBag"}
{"timestamp":"2025-05-23T07:37:30.567622","level":"info","event":"Secrets backends loaded for worker","count":1,"backend_classes":["EnvironmentVariablesBackend"],"logger":"supervisor"}
{"timestamp":"2025-05-23T07:37:30.771542","level":"info","event":"Connection Retrieved 'mssqlserver'","logger":"airflow.hooks.base"}
{"timestamp":"2025-05-23T07:37:30.820634","level":"info","event":"Running statement: SELECT * FROM Production.ProductSubcategory, parameters: None","logger":"airflow.task.hooks.airflow.providers.microsoft.mssql.hooks.mssql.MsSqlHook"}
{"timestamp":"2025-05-23T07:37:30.890403","level":"info","event":"Secrets backends loaded for worker","count":1,"backend_classes":["EnvironmentVariablesBackend"],"logger":"supervisor"}
{"timestamp":"2025-05-23T07:37:30.993631","level":"info","event":"Connection Retrieved 'snowflake-connect'","logger":"airflow.hooks.base"}
{"timestamp":"2025-05-23T07:37:30.994499","level":"info","event":"Snowflake Connector for Python Version: 3.15.0, Python Version: 3.12.10, Platform: Linux-5.15.167.4-microsoft-standard-WSL2-x86_64-with-glibc2.36","logger":"snowflake.connector.connection"}
{"timestamp":"2025-05-23T07:37:30.995506","level":"info","event":"Connecting to GLOBAL Snowflake domain","logger":"snowflake.connector.connection"}
{"timestamp":"2025-05-23T07:37:32.012344","level":"info","event":"Running statement: USE DATABASE EDW, parameters: None","logger":"airflow.task.hooks.airflow.providers.snowflake.hooks.snowflake.SnowflakeHook"}
{"timestamp":"2025-05-23T07:37:32.012782","level":"info","event":"Running statement: USE DATABASE EDW, parameters: None","logger":"airflow.task.hooks.airflow.providers.snowflake.hooks.snowflake.SnowflakeHook"}
{"timestamp":"2025-05-23T07:37:32.106815","level":"info","event":"Rows affected: 1","logger":"airflow.task.hooks.airflow.providers.snowflake.hooks.snowflake.SnowflakeHook"}
{"timestamp":"2025-05-23T07:37:32.107270","level":"info","event":"Rows affected: 1","logger":"airflow.task.hooks.airflow.providers.snowflake.hooks.snowflake.SnowflakeHook"}
{"timestamp":"2025-05-23T07:37:32.107428","level":"info","event":"Snowflake query id: 01bc8929-0001-2ad8-0001-8a160004e1fa","logger":"airflow.task.hooks.airflow.providers.snowflake.hooks.snowflake.SnowflakeHook"}
{"timestamp":"2025-05-23T07:37:32.324659","level":"info","event":"Snowflake Connector for Python Version: 3.15.0, Python Version: 3.12.10, Platform: Linux-5.15.167.4-microsoft-standard-WSL2-x86_64-with-glibc2.36","logger":"snowflake.connector.connection"}
{"timestamp":"2025-05-23T07:37:32.325387","level":"info","event":"Connecting to GLOBAL Snowflake domain","logger":"snowflake.connector.connection"}
{"timestamp":"2025-05-23T07:37:32.868975","level":"info","event":"Running statement: CREATE SCHEMA IF NOT EXISTS Bronze, parameters: None","logger":"airflow.task.hooks.airflow.providers.snowflake.hooks.snowflake.SnowflakeHook"}
{"timestamp":"2025-05-23T07:37:32.869336","level":"info","event":"Running statement: CREATE SCHEMA IF NOT EXISTS Bronze, parameters: None","logger":"airflow.task.hooks.airflow.providers.snowflake.hooks.snowflake.SnowflakeHook"}
{"timestamp":"2025-05-23T07:37:32.949686","level":"info","event":"Rows affected: 1","logger":"airflow.task.hooks.airflow.providers.snowflake.hooks.snowflake.SnowflakeHook"}
{"timestamp":"2025-05-23T07:37:32.950153","level":"info","event":"Rows affected: 1","logger":"airflow.task.hooks.airflow.providers.snowflake.hooks.snowflake.SnowflakeHook"}
{"timestamp":"2025-05-23T07:37:32.950429","level":"info","event":"Snowflake query id: 01bc8929-0001-2aa4-0001-8a160004d23e","logger":"airflow.task.hooks.airflow.providers.snowflake.hooks.snowflake.SnowflakeHook"}
{"timestamp":"2025-05-23T07:37:33.239171","level":"info","event":"Snowflake Connector for Python Version: 3.15.0, Python Version: 3.12.10, Platform: Linux-5.15.167.4-microsoft-standard-WSL2-x86_64-with-glibc2.36","logger":"snowflake.connector.connection"}
{"timestamp":"2025-05-23T07:37:33.240229","level":"info","event":"Connecting to GLOBAL Snowflake domain","logger":"snowflake.connector.connection"}
{"timestamp":"2025-05-23T07:37:33.606065","level":"info","event":"Running statement: USE SCHEMA Bronze, parameters: None","logger":"airflow.task.hooks.airflow.providers.snowflake.hooks.snowflake.SnowflakeHook"}
{"timestamp":"2025-05-23T07:37:33.606385","level":"info","event":"Running statement: USE SCHEMA Bronze, parameters: None","logger":"airflow.task.hooks.airflow.providers.snowflake.hooks.snowflake.SnowflakeHook"}
{"timestamp":"2025-05-23T07:37:33.674886","level":"info","event":"Rows affected: 1","logger":"airflow.task.hooks.airflow.providers.snowflake.hooks.snowflake.SnowflakeHook"}
{"timestamp":"2025-05-23T07:37:33.675202","level":"info","event":"Rows affected: 1","logger":"airflow.task.hooks.airflow.providers.snowflake.hooks.snowflake.SnowflakeHook"}
{"timestamp":"2025-05-23T07:37:33.675347","level":"info","event":"Snowflake query id: 01bc8929-0001-2af1-0001-8a16000510da","logger":"airflow.task.hooks.airflow.providers.snowflake.hooks.snowflake.SnowflakeHook"}
{"timestamp":"2025-05-23T07:37:33.911611","level":"info","event":"Running statement: \n    SELECT COLUMN_NAME\n    FROM INFORMATION_SCHEMA.COLUMNS\n    WHERE TABLE_NAME = UPPER('ProductSubcategory') AND TABLE_SCHEMA = 'Production'\n    , parameters: None","logger":"airflow.task.hooks.airflow.providers.microsoft.mssql.hooks.mssql.MsSqlHook"}
{"timestamp":"2025-05-23T07:37:34.021170","level":"info","event":"Snowflake Connector for Python Version: 3.15.0, Python Version: 3.12.10, Platform: Linux-5.15.167.4-microsoft-standard-WSL2-x86_64-with-glibc2.36","logger":"snowflake.connector.connection"}
{"timestamp":"2025-05-23T07:37:34.022555","level":"info","event":"Connecting to GLOBAL Snowflake domain","logger":"snowflake.connector.connection"}
{"timestamp":"2025-05-23T07:37:34.822074","level":"info","event":"Running statement: CREATE TABLE IF NOT EXISTS ProductSubcategory (\n        \"ProductSubcategoryID\" VARCHAR, \"ProductCategoryID\" VARCHAR, \"Name\" VARCHAR, \"rowguid\" VARCHAR, \"ModifiedDate\" VARCHAR\n    ), parameters: None","logger":"airflow.task.hooks.airflow.providers.snowflake.hooks.snowflake.SnowflakeHook"}
{"timestamp":"2025-05-23T07:37:34.822380","level":"info","event":"Running statement: CREATE TABLE IF NOT EXISTS ProductSubcategory (\n        \"ProductSubcategoryID\" VARCHAR, \"ProductCategoryID\" VARCHAR, \"Name\" VARCHAR, \"rowguid\" VARCHAR, \"ModifiedDate\" VARCHAR\n    ), parameters: None","logger":"airflow.task.hooks.airflow.providers.snowflake.hooks.snowflake.SnowflakeHook"}
{"timestamp":"2025-05-23T07:37:35.021290","level":"info","event":"Rows affected: 1","logger":"airflow.task.hooks.airflow.providers.snowflake.hooks.snowflake.SnowflakeHook"}
{"timestamp":"2025-05-23T07:37:35.021771","level":"info","event":"Rows affected: 1","logger":"airflow.task.hooks.airflow.providers.snowflake.hooks.snowflake.SnowflakeHook"}
{"timestamp":"2025-05-23T07:37:35.022051","level":"info","event":"Snowflake query id: 01bc8929-0001-2aa4-0001-8a160004d246","logger":"airflow.task.hooks.airflow.providers.snowflake.hooks.snowflake.SnowflakeHook"}
{"timestamp":"2025-05-23T07:37:35.225733","level":"info","event":"Snowflake Connector for Python Version: 3.15.0, Python Version: 3.12.10, Platform: Linux-5.15.167.4-microsoft-standard-WSL2-x86_64-with-glibc2.36","logger":"snowflake.connector.connection"}
{"timestamp":"2025-05-23T07:37:35.227253","level":"info","event":"Connecting to GLOBAL Snowflake domain","logger":"snowflake.connector.connection"}
{"timestamp":"2025-05-23T07:37:35.645209","level":"info","event":"Running statement: PUT file:///tmp/tmp_rdhdzkg.csv @%ProductSubcategory AUTO_COMPRESS=TRUE, parameters: None","logger":"airflow.task.hooks.airflow.providers.snowflake.hooks.snowflake.SnowflakeHook"}
{"timestamp":"2025-05-23T07:37:35.645769","level":"info","event":"Running statement: PUT file:///tmp/tmp_rdhdzkg.csv @%ProductSubcategory AUTO_COMPRESS=TRUE, parameters: None","logger":"airflow.task.hooks.airflow.providers.snowflake.hooks.snowflake.SnowflakeHook"}
{"timestamp":"2025-05-23T07:37:36.135862","level":"info","event":"Rows affected: 1","logger":"airflow.task.hooks.airflow.providers.snowflake.hooks.snowflake.SnowflakeHook"}
{"timestamp":"2025-05-23T07:37:36.136292","level":"info","event":"Rows affected: 1","logger":"airflow.task.hooks.airflow.providers.snowflake.hooks.snowflake.SnowflakeHook"}
{"timestamp":"2025-05-23T07:37:36.136576","level":"info","event":"Snowflake query id: 01bc8929-0001-2af1-0001-8a16000510e2","logger":"airflow.task.hooks.airflow.providers.snowflake.hooks.snowflake.SnowflakeHook"}
{"timestamp":"2025-05-23T07:37:36.364460","level":"info","event":"Snowflake Connector for Python Version: 3.15.0, Python Version: 3.12.10, Platform: Linux-5.15.167.4-microsoft-standard-WSL2-x86_64-with-glibc2.36","logger":"snowflake.connector.connection"}
{"timestamp":"2025-05-23T07:37:36.365295","level":"info","event":"Connecting to GLOBAL Snowflake domain","logger":"snowflake.connector.connection"}
{"timestamp":"2025-05-23T07:37:36.773689","level":"info","event":"Running statement: COPY INTO ProductSubcategory\n    FROM @%ProductSubcategory\n    FILE_FORMAT = (TYPE = CSV FIELD_OPTIONALLY_ENCLOSED_BY = '\"' SKIP_HEADER = 0)\n    ON_ERROR = CONTINUE;, parameters: None","logger":"airflow.task.hooks.airflow.providers.snowflake.hooks.snowflake.SnowflakeHook"}
{"timestamp":"2025-05-23T07:37:36.774145","level":"info","event":"Running statement: COPY INTO ProductSubcategory\n    FROM @%ProductSubcategory\n    FILE_FORMAT = (TYPE = CSV FIELD_OPTIONALLY_ENCLOSED_BY = '\"' SKIP_HEADER = 0)\n    ON_ERROR = CONTINUE;, parameters: None","logger":"airflow.task.hooks.airflow.providers.snowflake.hooks.snowflake.SnowflakeHook"}
{"timestamp":"2025-05-23T07:37:37.501269","level":"info","event":"Rows affected: 1","logger":"airflow.task.hooks.airflow.providers.snowflake.hooks.snowflake.SnowflakeHook"}
{"timestamp":"2025-05-23T07:37:37.501739","level":"info","event":"Rows affected: 1","logger":"airflow.task.hooks.airflow.providers.snowflake.hooks.snowflake.SnowflakeHook"}
{"timestamp":"2025-05-23T07:37:37.501971","level":"info","event":"Snowflake query id: 01bc8929-0001-2aa6-0001-8a160004f23e","logger":"airflow.task.hooks.airflow.providers.snowflake.hooks.snowflake.SnowflakeHook"}
{"timestamp":"2025-05-23T07:37:39.862865Z","level":"info","event":"Transferred 37 rows from ['Production', 'ProductSubcategory'] to Snowflake","chan":"stdout","logger":"task"}
{"timestamp":"2025-05-23T07:37:39.864580","level":"info","event":"Done. Returned value was: None","logger":"airflow.task.operators.airflow.providers.standard.operators.python.PythonOperator"}
