{"timestamp":"2025-05-22T13:23:55.310779","level":"info","event":"DAG bundles loaded: dags-folder","logger":"airflow.dag_processing.bundles.manager.DagBundlesManager"}
{"timestamp":"2025-05-22T13:23:55.311768","level":"info","event":"Filling up the DagBag from /opt/airflow/dags/load_data.py","logger":"airflow.models.dagbag.DagBag"}
{"timestamp":"2025-05-22T13:23:56.582137","level":"info","event":"Secrets backends loaded for worker","count":1,"backend_classes":["EnvironmentVariablesBackend"],"logger":"supervisor"}
{"timestamp":"2025-05-22T13:23:56.710375","level":"info","event":"Connection Retrieved 'mssqlserver'","logger":"airflow.hooks.base"}
{"timestamp":"2025-05-22T13:23:56.752629","level":"info","event":"Running statement: SELECT * FROM Sales.SalesTerritory, parameters: None","logger":"airflow.task.hooks.airflow.providers.microsoft.mssql.hooks.mssql.MsSqlHook"}
{"timestamp":"2025-05-22T13:23:56.769352","level":"info","event":"Secrets backends loaded for worker","count":1,"backend_classes":["EnvironmentVariablesBackend"],"logger":"supervisor"}
{"timestamp":"2025-05-22T13:23:56.825222","level":"info","event":"Connection Retrieved 'snowflake-connect'","logger":"airflow.hooks.base"}
{"timestamp":"2025-05-22T13:23:56.825778","level":"info","event":"Snowflake Connector for Python Version: 3.15.0, Python Version: 3.12.10, Platform: Linux-5.15.167.4-microsoft-standard-WSL2-x86_64-with-glibc2.36","logger":"snowflake.connector.connection"}
{"timestamp":"2025-05-22T13:23:56.826296","level":"info","event":"Connecting to GLOBAL Snowflake domain","logger":"snowflake.connector.connection"}
{"timestamp":"2025-05-22T13:23:57.539718","level":"info","event":"Running statement: USE DATABASE EDW, parameters: None","logger":"airflow.task.hooks.airflow.providers.snowflake.hooks.snowflake.SnowflakeHook"}
{"timestamp":"2025-05-22T13:23:57.539928","level":"info","event":"Running statement: USE DATABASE EDW, parameters: None","logger":"airflow.task.hooks.airflow.providers.snowflake.hooks.snowflake.SnowflakeHook"}
{"timestamp":"2025-05-22T13:23:57.659868","level":"info","event":"Rows affected: 1","logger":"airflow.task.hooks.airflow.providers.snowflake.hooks.snowflake.SnowflakeHook"}
{"timestamp":"2025-05-22T13:23:57.660258","level":"info","event":"Rows affected: 1","logger":"airflow.task.hooks.airflow.providers.snowflake.hooks.snowflake.SnowflakeHook"}
{"timestamp":"2025-05-22T13:23:57.660350","level":"info","event":"Snowflake query id: 01bc84e3-0001-2a4d-0001-8a160004738a","logger":"airflow.task.hooks.airflow.providers.snowflake.hooks.snowflake.SnowflakeHook"}
{"timestamp":"2025-05-22T13:23:57.876973","level":"info","event":"Snowflake Connector for Python Version: 3.15.0, Python Version: 3.12.10, Platform: Linux-5.15.167.4-microsoft-standard-WSL2-x86_64-with-glibc2.36","logger":"snowflake.connector.connection"}
{"timestamp":"2025-05-22T13:23:57.877448","level":"info","event":"Connecting to GLOBAL Snowflake domain","logger":"snowflake.connector.connection"}
{"timestamp":"2025-05-22T13:23:58.407333","level":"info","event":"Running statement: CREATE SCHEMA IF NOT EXISTS Bronze, parameters: None","logger":"airflow.task.hooks.airflow.providers.snowflake.hooks.snowflake.SnowflakeHook"}
{"timestamp":"2025-05-22T13:23:58.407659","level":"info","event":"Running statement: CREATE SCHEMA IF NOT EXISTS Bronze, parameters: None","logger":"airflow.task.hooks.airflow.providers.snowflake.hooks.snowflake.SnowflakeHook"}
{"timestamp":"2025-05-22T13:23:58.489431","level":"info","event":"Rows affected: 1","logger":"airflow.task.hooks.airflow.providers.snowflake.hooks.snowflake.SnowflakeHook"}
{"timestamp":"2025-05-22T13:23:58.489737","level":"info","event":"Rows affected: 1","logger":"airflow.task.hooks.airflow.providers.snowflake.hooks.snowflake.SnowflakeHook"}
{"timestamp":"2025-05-22T13:23:58.489915","level":"info","event":"Snowflake query id: 01bc84e3-0001-2952-0001-8a160004833e","logger":"airflow.task.hooks.airflow.providers.snowflake.hooks.snowflake.SnowflakeHook"}
{"timestamp":"2025-05-22T13:23:58.707151","level":"info","event":"Snowflake Connector for Python Version: 3.15.0, Python Version: 3.12.10, Platform: Linux-5.15.167.4-microsoft-standard-WSL2-x86_64-with-glibc2.36","logger":"snowflake.connector.connection"}
{"timestamp":"2025-05-22T13:23:58.707565","level":"info","event":"Connecting to GLOBAL Snowflake domain","logger":"snowflake.connector.connection"}
{"timestamp":"2025-05-22T13:23:59.177500","level":"info","event":"Running statement: USE SCHEMA Bronze, parameters: None","logger":"airflow.task.hooks.airflow.providers.snowflake.hooks.snowflake.SnowflakeHook"}
{"timestamp":"2025-05-22T13:23:59.177678","level":"info","event":"Running statement: USE SCHEMA Bronze, parameters: None","logger":"airflow.task.hooks.airflow.providers.snowflake.hooks.snowflake.SnowflakeHook"}
{"timestamp":"2025-05-22T13:23:59.255875","level":"info","event":"Rows affected: 1","logger":"airflow.task.hooks.airflow.providers.snowflake.hooks.snowflake.SnowflakeHook"}
{"timestamp":"2025-05-22T13:23:59.256054","level":"info","event":"Rows affected: 1","logger":"airflow.task.hooks.airflow.providers.snowflake.hooks.snowflake.SnowflakeHook"}
{"timestamp":"2025-05-22T13:23:59.256119","level":"info","event":"Snowflake query id: 01bc84e3-0001-2a4a-0001-8a160004a07a","logger":"airflow.task.hooks.airflow.providers.snowflake.hooks.snowflake.SnowflakeHook"}
{"timestamp":"2025-05-22T13:23:59.493100","level":"info","event":"Running statement: SELECT COLUMN_NAME FROM INFORMATION_SCHEMA.COLUMNS WHERE TABLE_NAME = UPPER('SalesTerritory') AND TABLE_SCHEMA = 'Sales', parameters: None","logger":"airflow.task.hooks.airflow.providers.microsoft.mssql.hooks.mssql.MsSqlHook"}
{"timestamp":"2025-05-22T13:23:59.573188","level":"info","event":"Snowflake Connector for Python Version: 3.15.0, Python Version: 3.12.10, Platform: Linux-5.15.167.4-microsoft-standard-WSL2-x86_64-with-glibc2.36","logger":"snowflake.connector.connection"}
{"timestamp":"2025-05-22T13:23:59.573959","level":"info","event":"Connecting to GLOBAL Snowflake domain","logger":"snowflake.connector.connection"}
{"timestamp":"2025-05-22T13:24:00.059424","level":"info","event":"Running statement: CREATE TABLE IF NOT EXISTS SalesTerritory (\n        \"TerritoryID\" VARCHAR, \"Name\" VARCHAR, \"CountryRegionCode\" VARCHAR, \"Group\" VARCHAR, \"SalesYTD\" VARCHAR, \"SalesLastYear\" VARCHAR, \"CostYTD\" VARCHAR, \"CostLastYear\" VARCHAR, \"rowguid\" VARCHAR, \"ModifiedDate\" VARCHAR\n    ), parameters: None","logger":"airflow.task.hooks.airflow.providers.snowflake.hooks.snowflake.SnowflakeHook"}
{"timestamp":"2025-05-22T13:24:00.059585","level":"info","event":"Running statement: CREATE TABLE IF NOT EXISTS SalesTerritory (\n        \"TerritoryID\" VARCHAR, \"Name\" VARCHAR, \"CountryRegionCode\" VARCHAR, \"Group\" VARCHAR, \"SalesYTD\" VARCHAR, \"SalesLastYear\" VARCHAR, \"CostYTD\" VARCHAR, \"CostLastYear\" VARCHAR, \"rowguid\" VARCHAR, \"ModifiedDate\" VARCHAR\n    ), parameters: None","logger":"airflow.task.hooks.airflow.providers.snowflake.hooks.snowflake.SnowflakeHook"}
{"timestamp":"2025-05-22T13:24:00.183919","level":"info","event":"Rows affected: 1","logger":"airflow.task.hooks.airflow.providers.snowflake.hooks.snowflake.SnowflakeHook"}
{"timestamp":"2025-05-22T13:24:00.184169","level":"info","event":"Rows affected: 1","logger":"airflow.task.hooks.airflow.providers.snowflake.hooks.snowflake.SnowflakeHook"}
{"timestamp":"2025-05-22T13:24:00.184251","level":"info","event":"Snowflake query id: 01bc84e4-0001-2952-0001-8a1600048346","logger":"airflow.task.hooks.airflow.providers.snowflake.hooks.snowflake.SnowflakeHook"}
{"timestamp":"2025-05-22T13:24:00.389012","level":"info","event":"Snowflake Connector for Python Version: 3.15.0, Python Version: 3.12.10, Platform: Linux-5.15.167.4-microsoft-standard-WSL2-x86_64-with-glibc2.36","logger":"snowflake.connector.connection"}
{"timestamp":"2025-05-22T13:24:00.389492","level":"info","event":"Connecting to GLOBAL Snowflake domain","logger":"snowflake.connector.connection"}
{"timestamp":"2025-05-22T13:24:00.750588","level":"info","event":"Running statement: INSERT INTO SalesTerritory (\"TerritoryID\", \"Name\", \"CountryRegionCode\", \"Group\", \"SalesYTD\", \"SalesLastYear\", \"CostYTD\", \"CostLastYear\", \"rowguid\", \"ModifiedDate\")\n    VALUES ('1', 'Northwest', 'US', 'North America', '7887186.7882', '3298694.4938', '0.0000', '0.0000', '43689a10-e30b-497f-b0de-11de20267ff7', '2008-04-30 00:00:00'), ('2', 'Northeast', 'US', 'North America', '2402176.8476', '3607148.9371', '0.0000', '0.0000', '00fb7309-96cc-49e2-8363-0a1ba72486f2', '2008-04-30 00:00:00'), ('3', 'Central', 'US', 'North America', '3072175.1180', '3205014.0767', '0.0000', '0.0000', 'df6e7fd8-1a8d-468c-b103-ed8addb452c1', '2008-04-30 00:00:00'), ('4', 'Southwest', 'US', 'North America', '10510853.8739', '5366575.7098', '0.0000', '0.0000', 'dc3e9ea0-7950-4431-9428-99dbcbc33865', '2008-04-30 00:00:00'), ('5', 'Southeast', 'US', 'North America', '2538667.2515', '3925071.4318', '0.0000', '0.0000', '6dc4165a-5e4c-42d2-809d-4344e0ac75e7', '2008-04-30 00:00:00'), ('6', 'Canada', 'CA', 'North America', '6771829.1376', '5693988.8600', '0.0000', '0.0000', '06b4af8a-1639-476e-9266-110461d66b00', '2008-04-30 00:00:00'), ('7', 'France', 'FR', 'Europe', '4772398.3078', '2396539.7601', '0.0000', '0.0000', 'bf806804-9b4c-4b07-9d19-706f2e689552', '2008-04-30 00:00:00'), ('8', 'Germany', 'DE', 'Europe', '3805202.3478', '1307949.7917', '0.0000', '0.0000', '6d2450db-8159-414f-a917-e73ee91c38a9', '2008-04-30 00:00:00'), ('9', 'Australia', 'AU', 'Pacific', '5977814.9154', '2278548.9776', '0.0000', '0.0000', '602e612e-dfe9-41d9-b894-27e489747885', '2008-04-30 00:00:00'), ('10', 'United Kingdom', 'GB', 'Europe', '5012905.3656', '1635823.3967', '0.0000', '0.0000', '05fc7e1f-2dea-414e-9ecd-09d150516fb5', '2008-04-30 00:00:00'), parameters: None","logger":"airflow.task.hooks.airflow.providers.snowflake.hooks.snowflake.SnowflakeHook"}
{"timestamp":"2025-05-22T13:24:00.750957","level":"info","event":"Running statement: INSERT INTO SalesTerritory (\"TerritoryID\", \"Name\", \"CountryRegionCode\", \"Group\", \"SalesYTD\", \"SalesLastYear\", \"CostYTD\", \"CostLastYear\", \"rowguid\", \"ModifiedDate\")\n    VALUES ('1', 'Northwest', 'US', 'North America', '7887186.7882', '3298694.4938', '0.0000', '0.0000', '43689a10-e30b-497f-b0de-11de20267ff7', '2008-04-30 00:00:00'), ('2', 'Northeast', 'US', 'North America', '2402176.8476', '3607148.9371', '0.0000', '0.0000', '00fb7309-96cc-49e2-8363-0a1ba72486f2', '2008-04-30 00:00:00'), ('3', 'Central', 'US', 'North America', '3072175.1180', '3205014.0767', '0.0000', '0.0000', 'df6e7fd8-1a8d-468c-b103-ed8addb452c1', '2008-04-30 00:00:00'), ('4', 'Southwest', 'US', 'North America', '10510853.8739', '5366575.7098', '0.0000', '0.0000', 'dc3e9ea0-7950-4431-9428-99dbcbc33865', '2008-04-30 00:00:00'), ('5', 'Southeast', 'US', 'North America', '2538667.2515', '3925071.4318', '0.0000', '0.0000', '6dc4165a-5e4c-42d2-809d-4344e0ac75e7', '2008-04-30 00:00:00'), ('6', 'Canada', 'CA', 'North America', '6771829.1376', '5693988.8600', '0.0000', '0.0000', '06b4af8a-1639-476e-9266-110461d66b00', '2008-04-30 00:00:00'), ('7', 'France', 'FR', 'Europe', '4772398.3078', '2396539.7601', '0.0000', '0.0000', 'bf806804-9b4c-4b07-9d19-706f2e689552', '2008-04-30 00:00:00'), ('8', 'Germany', 'DE', 'Europe', '3805202.3478', '1307949.7917', '0.0000', '0.0000', '6d2450db-8159-414f-a917-e73ee91c38a9', '2008-04-30 00:00:00'), ('9', 'Australia', 'AU', 'Pacific', '5977814.9154', '2278548.9776', '0.0000', '0.0000', '602e612e-dfe9-41d9-b894-27e489747885', '2008-04-30 00:00:00'), ('10', 'United Kingdom', 'GB', 'Europe', '5012905.3656', '1635823.3967', '0.0000', '0.0000', '05fc7e1f-2dea-414e-9ecd-09d150516fb5', '2008-04-30 00:00:00'), parameters: None","logger":"airflow.task.hooks.airflow.providers.snowflake.hooks.snowflake.SnowflakeHook"}
{"timestamp":"2025-05-22T13:24:04.823663","level":"info","event":"Rows affected: 10","logger":"airflow.task.hooks.airflow.providers.snowflake.hooks.snowflake.SnowflakeHook"}
{"timestamp":"2025-05-22T13:24:04.823853","level":"info","event":"Rows affected: 10","logger":"airflow.task.hooks.airflow.providers.snowflake.hooks.snowflake.SnowflakeHook"}
{"timestamp":"2025-05-22T13:24:04.823923","level":"info","event":"Snowflake query id: 01bc84e4-0001-296b-0001-8a1600045696","logger":"airflow.task.hooks.airflow.providers.snowflake.hooks.snowflake.SnowflakeHook"}
{"timestamp":"2025-05-22T13:24:05.197037Z","level":"info","event":"Transferred 10 rows from ['Sales', 'SalesTerritory'] to Snowflake","chan":"stdout","logger":"task"}
{"timestamp":"2025-05-22T13:24:05.198564","level":"info","event":"Done. Returned value was: None","logger":"airflow.task.operators.airflow.providers.standard.operators.python.PythonOperator"}
