{"timestamp":"2025-05-22T07:23:42.183123","level":"info","event":"DAG bundles loaded: dags-folder","logger":"airflow.dag_processing.bundles.manager.DagBundlesManager"}
{"timestamp":"2025-05-22T07:23:42.189813","level":"info","event":"Filling up the DagBag from /opt/airflow/dags/load_data.py","logger":"airflow.models.dagbag.DagBag"}
{"timestamp":"2025-05-22T07:23:51.154621","level":"info","event":"Secrets backends loaded for worker","count":1,"backend_classes":["EnvironmentVariablesBackend"],"logger":"supervisor"}
{"timestamp":"2025-05-22T07:23:56.347264","level":"info","event":"Connection Retrieved 'mssqlserver'","logger":"airflow.hooks.base"}
{"timestamp":"2025-05-22T07:23:56.700463","level":"info","event":"Running statement: SELECT * FROM Sales.Customer, parameters: None","logger":"airflow.task.hooks.airflow.providers.microsoft.mssql.hooks.mssql.MsSqlHook"}
{"timestamp":"2025-05-22T07:24:16.415051","level":"info","event":"Secrets backends loaded for worker","count":1,"backend_classes":["EnvironmentVariablesBackend"],"logger":"supervisor"}
{"timestamp":"2025-05-22T07:24:16.534651","level":"info","event":"Connection Retrieved 'snowflake-connect'","logger":"airflow.hooks.base"}
{"timestamp":"2025-05-22T07:24:16.536265","level":"info","event":"Snowflake Connector for Python Version: 3.15.0, Python Version: 3.12.10, Platform: Linux-5.15.167.4-microsoft-standard-WSL2-x86_64-with-glibc2.36","logger":"snowflake.connector.connection"}
{"timestamp":"2025-05-22T07:24:16.538387","level":"info","event":"Connecting to GLOBAL Snowflake domain","logger":"snowflake.connector.connection"}
{"timestamp":"2025-05-22T07:24:19.353631","level":"info","event":"Running statement: USE DATABASE EDW, parameters: None","logger":"airflow.task.hooks.airflow.providers.snowflake.hooks.snowflake.SnowflakeHook"}
{"timestamp":"2025-05-22T07:24:19.354050","level":"info","event":"Running statement: USE DATABASE EDW, parameters: None","logger":"airflow.task.hooks.airflow.providers.snowflake.hooks.snowflake.SnowflakeHook"}
{"timestamp":"2025-05-22T07:24:19.483814","level":"info","event":"Rows affected: 1","logger":"airflow.task.hooks.airflow.providers.snowflake.hooks.snowflake.SnowflakeHook"}
{"timestamp":"2025-05-22T07:24:19.484563","level":"info","event":"Rows affected: 1","logger":"airflow.task.hooks.airflow.providers.snowflake.hooks.snowflake.SnowflakeHook"}
{"timestamp":"2025-05-22T07:24:19.484888","level":"info","event":"Snowflake query id: 01bc837c-0001-2a4a-0001-8a1600049096","logger":"airflow.task.hooks.airflow.providers.snowflake.hooks.snowflake.SnowflakeHook"}
{"timestamp":"2025-05-22T07:24:19.718280","level":"info","event":"Snowflake Connector for Python Version: 3.15.0, Python Version: 3.12.10, Platform: Linux-5.15.167.4-microsoft-standard-WSL2-x86_64-with-glibc2.36","logger":"snowflake.connector.connection"}
{"timestamp":"2025-05-22T07:24:19.719017","level":"info","event":"Connecting to GLOBAL Snowflake domain","logger":"snowflake.connector.connection"}
{"timestamp":"2025-05-22T07:24:20.092133","level":"info","event":"Running statement: CREATE SCHEMA IF NOT EXISTS Bronze, parameters: None","logger":"airflow.task.hooks.airflow.providers.snowflake.hooks.snowflake.SnowflakeHook"}
{"timestamp":"2025-05-22T07:24:20.092831","level":"info","event":"Running statement: CREATE SCHEMA IF NOT EXISTS Bronze, parameters: None","logger":"airflow.task.hooks.airflow.providers.snowflake.hooks.snowflake.SnowflakeHook"}
{"timestamp":"2025-05-22T07:24:20.180586","level":"info","event":"Rows affected: 1","logger":"airflow.task.hooks.airflow.providers.snowflake.hooks.snowflake.SnowflakeHook"}
{"timestamp":"2025-05-22T07:24:20.180948","level":"info","event":"Rows affected: 1","logger":"airflow.task.hooks.airflow.providers.snowflake.hooks.snowflake.SnowflakeHook"}
{"timestamp":"2025-05-22T07:24:20.181074","level":"info","event":"Snowflake query id: 01bc837c-0001-2a1c-0001-8a16000460a2","logger":"airflow.task.hooks.airflow.providers.snowflake.hooks.snowflake.SnowflakeHook"}
{"timestamp":"2025-05-22T07:24:20.429188","level":"info","event":"Snowflake Connector for Python Version: 3.15.0, Python Version: 3.12.10, Platform: Linux-5.15.167.4-microsoft-standard-WSL2-x86_64-with-glibc2.36","logger":"snowflake.connector.connection"}
{"timestamp":"2025-05-22T07:24:20.430108","level":"info","event":"Connecting to GLOBAL Snowflake domain","logger":"snowflake.connector.connection"}
{"timestamp":"2025-05-22T07:24:20.940271","level":"info","event":"Running statement: USE SCHEMA Bronze, parameters: None","logger":"airflow.task.hooks.airflow.providers.snowflake.hooks.snowflake.SnowflakeHook"}
{"timestamp":"2025-05-22T07:24:20.940663","level":"info","event":"Running statement: USE SCHEMA Bronze, parameters: None","logger":"airflow.task.hooks.airflow.providers.snowflake.hooks.snowflake.SnowflakeHook"}
{"timestamp":"2025-05-22T07:24:21.043263","level":"info","event":"Rows affected: 1","logger":"airflow.task.hooks.airflow.providers.snowflake.hooks.snowflake.SnowflakeHook"}
{"timestamp":"2025-05-22T07:24:21.043458","level":"info","event":"Rows affected: 1","logger":"airflow.task.hooks.airflow.providers.snowflake.hooks.snowflake.SnowflakeHook"}
{"timestamp":"2025-05-22T07:24:21.043529","level":"info","event":"Snowflake query id: 01bc837c-0001-2952-0001-8a16000480a2","logger":"airflow.task.hooks.airflow.providers.snowflake.hooks.snowflake.SnowflakeHook"}
{"timestamp":"2025-05-22T07:24:21.297708","level":"info","event":"Running statement: SELECT COLUMN_NAME FROM INFORMATION_SCHEMA.COLUMNS WHERE TABLE_NAME = UPPER('Customer') AND TABLE_SCHEMA = 'Sales', parameters: None","logger":"airflow.task.hooks.airflow.providers.microsoft.mssql.hooks.mssql.MsSqlHook"}
{"timestamp":"2025-05-22T07:24:22.410807","level":"info","event":"Snowflake Connector for Python Version: 3.15.0, Python Version: 3.12.10, Platform: Linux-5.15.167.4-microsoft-standard-WSL2-x86_64-with-glibc2.36","logger":"snowflake.connector.connection"}
{"timestamp":"2025-05-22T07:24:22.412275","level":"info","event":"Connecting to GLOBAL Snowflake domain","logger":"snowflake.connector.connection"}
{"timestamp":"2025-05-22T07:24:22.923211","level":"info","event":"Running statement: CREATE TABLE IF NOT EXISTS Customer (\n        CustomerID VARCHAR, PersonID VARCHAR, StoreID VARCHAR, TerritoryID VARCHAR, AccountNumber VARCHAR, rowguid VARCHAR, ModifiedDate VARCHAR\n    ), parameters: None","logger":"airflow.task.hooks.airflow.providers.snowflake.hooks.snowflake.SnowflakeHook"}
{"timestamp":"2025-05-22T07:24:22.923825","level":"info","event":"Running statement: CREATE TABLE IF NOT EXISTS Customer (\n        CustomerID VARCHAR, PersonID VARCHAR, StoreID VARCHAR, TerritoryID VARCHAR, AccountNumber VARCHAR, rowguid VARCHAR, ModifiedDate VARCHAR\n    ), parameters: None","logger":"airflow.task.hooks.airflow.providers.snowflake.hooks.snowflake.SnowflakeHook"}
{"timestamp":"2025-05-22T07:24:23.050090","level":"info","event":"Rows affected: 1","logger":"airflow.task.hooks.airflow.providers.snowflake.hooks.snowflake.SnowflakeHook"}
{"timestamp":"2025-05-22T07:24:23.050334","level":"info","event":"Rows affected: 1","logger":"airflow.task.hooks.airflow.providers.snowflake.hooks.snowflake.SnowflakeHook"}
{"timestamp":"2025-05-22T07:24:23.050438","level":"info","event":"Snowflake query id: 01bc837c-0001-2a4a-0001-8a16000490aa","logger":"airflow.task.hooks.airflow.providers.snowflake.hooks.snowflake.SnowflakeHook"}
{"timestamp":"2025-05-22T07:37:11.381577Z","level":"critical","event":"Process terminated by signal. For more information, see https://airflow.apache.org/docs/apache-airflow/stable/troubleshooting.html#TaskRunner-killed","signal":-9,"signal_name":"SIGKILL","logger":"task"}
