{"timestamp":"2025-05-23T05:21:03.221985","level":"info","event":"DAG bundles loaded: dags-folder","logger":"airflow.dag_processing.bundles.manager.DagBundlesManager"}
{"timestamp":"2025-05-23T05:21:03.223412","level":"info","event":"Filling up the DagBag from /opt/airflow/dags/load_data.py","logger":"airflow.models.dagbag.DagBag"}
{"timestamp":"2025-05-23T05:21:05.040429","level":"info","event":"Secrets backends loaded for worker","count":1,"backend_classes":["EnvironmentVariablesBackend"],"logger":"supervisor"}
{"timestamp":"2025-05-23T05:21:05.186098","level":"info","event":"Connection Retrieved 'mssqlserver'","logger":"airflow.hooks.base"}
{"timestamp":"2025-05-23T05:21:05.222888","level":"info","event":"Running statement: SELECT * FROM Sales.SalesOrderHeader, parameters: None","logger":"airflow.task.hooks.airflow.providers.microsoft.mssql.hooks.mssql.MsSqlHook"}
{"timestamp":"2025-05-23T05:21:07.177696","level":"info","event":"Secrets backends loaded for worker","count":1,"backend_classes":["EnvironmentVariablesBackend"],"logger":"supervisor"}
{"timestamp":"2025-05-23T05:21:07.219070","level":"info","event":"Connection Retrieved 'snowflake-connect'","logger":"airflow.hooks.base"}
{"timestamp":"2025-05-23T05:21:07.219753","level":"info","event":"Snowflake Connector for Python Version: 3.15.0, Python Version: 3.12.10, Platform: Linux-5.15.167.4-microsoft-standard-WSL2-x86_64-with-glibc2.36","logger":"snowflake.connector.connection"}
{"timestamp":"2025-05-23T05:21:07.220746","level":"info","event":"Connecting to GLOBAL Snowflake domain","logger":"snowflake.connector.connection"}
{"timestamp":"2025-05-23T05:21:07.874550","level":"info","event":"Running statement: USE DATABASE EDW, parameters: None","logger":"airflow.task.hooks.airflow.providers.snowflake.hooks.snowflake.SnowflakeHook"}
{"timestamp":"2025-05-23T05:21:07.874771","level":"info","event":"Running statement: USE DATABASE EDW, parameters: None","logger":"airflow.task.hooks.airflow.providers.snowflake.hooks.snowflake.SnowflakeHook"}
{"timestamp":"2025-05-23T05:21:07.955446","level":"info","event":"Rows affected: 1","logger":"airflow.task.hooks.airflow.providers.snowflake.hooks.snowflake.SnowflakeHook"}
{"timestamp":"2025-05-23T05:21:07.955651","level":"info","event":"Rows affected: 1","logger":"airflow.task.hooks.airflow.providers.snowflake.hooks.snowflake.SnowflakeHook"}
{"timestamp":"2025-05-23T05:21:07.955722","level":"info","event":"Snowflake query id: 01bc88a1-0001-2a95-0001-8a160004c15a","logger":"airflow.task.hooks.airflow.providers.snowflake.hooks.snowflake.SnowflakeHook"}
{"timestamp":"2025-05-23T05:21:08.132552","level":"info","event":"Snowflake Connector for Python Version: 3.15.0, Python Version: 3.12.10, Platform: Linux-5.15.167.4-microsoft-standard-WSL2-x86_64-with-glibc2.36","logger":"snowflake.connector.connection"}
{"timestamp":"2025-05-23T05:21:08.133053","level":"info","event":"Connecting to GLOBAL Snowflake domain","logger":"snowflake.connector.connection"}
{"timestamp":"2025-05-23T05:21:08.627671","level":"info","event":"Running statement: CREATE SCHEMA IF NOT EXISTS Bronze, parameters: None","logger":"airflow.task.hooks.airflow.providers.snowflake.hooks.snowflake.SnowflakeHook"}
{"timestamp":"2025-05-23T05:21:08.628048","level":"info","event":"Running statement: CREATE SCHEMA IF NOT EXISTS Bronze, parameters: None","logger":"airflow.task.hooks.airflow.providers.snowflake.hooks.snowflake.SnowflakeHook"}
{"timestamp":"2025-05-23T05:21:08.723509","level":"info","event":"Rows affected: 1","logger":"airflow.task.hooks.airflow.providers.snowflake.hooks.snowflake.SnowflakeHook"}
{"timestamp":"2025-05-23T05:21:08.723866","level":"info","event":"Rows affected: 1","logger":"airflow.task.hooks.airflow.providers.snowflake.hooks.snowflake.SnowflakeHook"}
{"timestamp":"2025-05-23T05:21:08.723992","level":"info","event":"Snowflake query id: 01bc88a1-0001-2aa5-0001-8a160005010e","logger":"airflow.task.hooks.airflow.providers.snowflake.hooks.snowflake.SnowflakeHook"}
{"timestamp":"2025-05-23T05:21:09.034708","level":"info","event":"Snowflake Connector for Python Version: 3.15.0, Python Version: 3.12.10, Platform: Linux-5.15.167.4-microsoft-standard-WSL2-x86_64-with-glibc2.36","logger":"snowflake.connector.connection"}
{"timestamp":"2025-05-23T05:21:09.035278","level":"info","event":"Connecting to GLOBAL Snowflake domain","logger":"snowflake.connector.connection"}
{"timestamp":"2025-05-23T05:21:09.473048","level":"info","event":"Running statement: USE SCHEMA Bronze, parameters: None","logger":"airflow.task.hooks.airflow.providers.snowflake.hooks.snowflake.SnowflakeHook"}
{"timestamp":"2025-05-23T05:21:09.473248","level":"info","event":"Running statement: USE SCHEMA Bronze, parameters: None","logger":"airflow.task.hooks.airflow.providers.snowflake.hooks.snowflake.SnowflakeHook"}
{"timestamp":"2025-05-23T05:21:09.553005","level":"info","event":"Rows affected: 1","logger":"airflow.task.hooks.airflow.providers.snowflake.hooks.snowflake.SnowflakeHook"}
{"timestamp":"2025-05-23T05:21:09.553199","level":"info","event":"Rows affected: 1","logger":"airflow.task.hooks.airflow.providers.snowflake.hooks.snowflake.SnowflakeHook"}
{"timestamp":"2025-05-23T05:21:09.553269","level":"info","event":"Snowflake query id: 01bc88a1-0001-2aa6-0001-8a160004f14a","logger":"airflow.task.hooks.airflow.providers.snowflake.hooks.snowflake.SnowflakeHook"}
{"timestamp":"2025-05-23T05:21:09.766118","level":"info","event":"Running statement: SELECT COLUMN_NAME FROM INFORMATION_SCHEMA.COLUMNS WHERE TABLE_NAME = UPPER('SalesOrderHeader') AND TABLE_SCHEMA = 'Sales', parameters: None","logger":"airflow.task.hooks.airflow.providers.microsoft.mssql.hooks.mssql.MsSqlHook"}
{"timestamp":"2025-05-23T05:21:11.145006","level":"info","event":"Snowflake Connector for Python Version: 3.15.0, Python Version: 3.12.10, Platform: Linux-5.15.167.4-microsoft-standard-WSL2-x86_64-with-glibc2.36","logger":"snowflake.connector.connection"}
{"timestamp":"2025-05-23T05:21:11.145882","level":"info","event":"Connecting to GLOBAL Snowflake domain","logger":"snowflake.connector.connection"}
{"timestamp":"2025-05-23T05:21:11.676463","level":"info","event":"Running statement: CREATE TABLE IF NOT EXISTS SalesOrderHeader (\n        \"SalesOrderID\" VARCHAR, \"RevisionNumber\" VARCHAR, \"OrderDate\" VARCHAR, \"DueDate\" VARCHAR, \"ShipDate\" VARCHAR, \"Status\" VARCHAR, \"OnlineOrderFlag\" VARCHAR, \"SalesOrderNumber\" VARCHAR, \"PurchaseOrderNumber\" VARCHAR, \"AccountNumber\" VARCHAR, \"CustomerID\" VARCHAR, \"SalesPersonID\" VARCHAR, \"TerritoryID\" VARCHAR, \"BillToAddressID\" VARCHAR, \"ShipToAddressID\" VARCHAR, \"ShipMethodID\" VARCHAR, \"CreditCardID\" VARCHAR, \"CreditCardApprovalCode\" VARCHAR, \"CurrencyRateID\" VARCHAR, \"SubTotal\" VARCHAR, \"TaxAmt\" VARCHAR, \"Freight\" VARCHAR, \"TotalDue\" VARCHAR, \"Comment\" VARCHAR, \"rowguid\" VARCHAR, \"ModifiedDate\" VARCHAR\n    ), parameters: None","logger":"airflow.task.hooks.airflow.providers.snowflake.hooks.snowflake.SnowflakeHook"}
{"timestamp":"2025-05-23T05:21:11.676687","level":"info","event":"Running statement: CREATE TABLE IF NOT EXISTS SalesOrderHeader (\n        \"SalesOrderID\" VARCHAR, \"RevisionNumber\" VARCHAR, \"OrderDate\" VARCHAR, \"DueDate\" VARCHAR, \"ShipDate\" VARCHAR, \"Status\" VARCHAR, \"OnlineOrderFlag\" VARCHAR, \"SalesOrderNumber\" VARCHAR, \"PurchaseOrderNumber\" VARCHAR, \"AccountNumber\" VARCHAR, \"CustomerID\" VARCHAR, \"SalesPersonID\" VARCHAR, \"TerritoryID\" VARCHAR, \"BillToAddressID\" VARCHAR, \"ShipToAddressID\" VARCHAR, \"ShipMethodID\" VARCHAR, \"CreditCardID\" VARCHAR, \"CreditCardApprovalCode\" VARCHAR, \"CurrencyRateID\" VARCHAR, \"SubTotal\" VARCHAR, \"TaxAmt\" VARCHAR, \"Freight\" VARCHAR, \"TotalDue\" VARCHAR, \"Comment\" VARCHAR, \"rowguid\" VARCHAR, \"ModifiedDate\" VARCHAR\n    ), parameters: None","logger":"airflow.task.hooks.airflow.providers.snowflake.hooks.snowflake.SnowflakeHook"}
{"timestamp":"2025-05-23T05:21:11.964940","level":"info","event":"Rows affected: 1","logger":"airflow.task.hooks.airflow.providers.snowflake.hooks.snowflake.SnowflakeHook"}
{"timestamp":"2025-05-23T05:21:11.965150","level":"info","event":"Rows affected: 1","logger":"airflow.task.hooks.airflow.providers.snowflake.hooks.snowflake.SnowflakeHook"}
{"timestamp":"2025-05-23T05:21:11.965222","level":"info","event":"Snowflake query id: 01bc88a1-0001-2aa5-0001-8a1600050112","logger":"airflow.task.hooks.airflow.providers.snowflake.hooks.snowflake.SnowflakeHook"}
{"timestamp":"2025-05-23T07:28:21.434340Z","level":"error","event":"Server indicated the task shouldn't be running anymore. Terminating process","detail":{"detail":{"reason":"not_running","message":"TI is no longer in the running state and task should terminate","current_state":"failed"}},"logger":"task"}
{"timestamp":"2025-05-23T07:28:21.896458Z","level":"error","event":"Task killed!","logger":"task"}
